<?xml version="1.0" encoding="UTF-8"?>
<coverage generated="1744408388746" clover="3.2.0">
  <project timestamp="1744408388746" name="All files">
    <metrics statements="37" coveredstatements="16" conditionals="35" coveredconditionals="13" methods="20" coveredmethods="5" elements="92" coveredelements="34" complexity="0" loc="37" ncloc="37" packages="2" files="3" classes="3"/>
    <package name="Createtrip-Components">
      <metrics statements="36" coveredstatements="15" conditionals="35" coveredconditionals="13" methods="19" coveredmethods="4"/>
      <file name="ActivitiesDisplay.jsx" path="C:\Users\Allan\Desktop\cs3398\whichway\src\components\Createtrip-Components\ActivitiesDisplay.jsx">
        <metrics statements="28" coveredstatements="8" conditionals="21" coveredconditionals="12" methods="18" coveredmethods="3"/>
        <line num="18" count="1" type="stmt"/>
        <line num="19" count="1" type="stmt"/>
        <line num="22" count="1" type="stmt"/>
        <line num="23" count="0" type="stmt"/>
        <line num="24" count="0" type="stmt"/>
        <line num="25" count="0" type="stmt"/>
        <line num="26" count="0" type="stmt"/>
        <line num="29" count="1" type="stmt"/>
        <line num="30" count="0" type="stmt"/>
        <line num="33" count="1" type="stmt"/>
        <line num="43" count="1" type="stmt"/>
        <line num="47" count="0" type="stmt"/>
        <line num="58" count="0" type="stmt"/>
        <line num="60" count="0" type="stmt"/>
        <line num="97" count="0" type="stmt"/>
        <line num="117" count="1" type="stmt"/>
        <line num="120" count="0" type="cond" truecount="1" falsecount="1"/>
        <line num="130" count="0" type="stmt"/>
        <line num="132" count="0" type="stmt"/>
        <line num="169" count="0" type="stmt"/>
        <line num="170" count="0" type="stmt"/>
        <line num="171" count="0" type="stmt"/>
        <line num="192" count="0" type="stmt"/>
        <line num="195" count="0" type="cond" truecount="0" falsecount="2"/>
        <line num="205" count="0" type="stmt"/>
        <line num="207" count="0" type="stmt"/>
        <line num="244" count="0" type="stmt"/>
        <line num="269" count="1" type="stmt"/>
      </file>
      <file name="ActivityModal.jsx" path="C:\Users\Allan\Desktop\cs3398\whichway\src\components\Createtrip-Components\ActivityModal.jsx">
        <metrics statements="8" coveredstatements="7" conditionals="14" coveredconditionals="1" methods="1" coveredmethods="1"/>
        <line num="4" count="1" type="stmt"/>
        <line num="5" count="1" type="stmt"/>
        <line num="6" count="1" type="stmt"/>
        <line num="7" count="1" type="stmt"/>
        <line num="8" count="1" type="stmt"/>
        <line num="10" count="1" type="stmt"/>
        <line num="11" count="1" type="cond" truecount="1" falsecount="1"/>
        <line num="13" count="0" type="stmt"/>
      </file>
    </package>
    <package name="Landing-Components">
      <metrics statements="1" coveredstatements="1" conditionals="0" coveredconditionals="0" methods="1" coveredmethods="1"/>
      <file name="NavigationBar.jsx" path="C:\Users\Allan\Desktop\cs3398\whichway\src\components\Landing-Components\NavigationBar.jsx">
        <metrics statements="1" coveredstatements="1" conditionals="0" coveredconditionals="0" methods="1" coveredmethods="1"/>
        <line num="6" count="3" type="stmt"/>
      </file>
    </package>
  </project>
</coverage>
