<?xml version="1.0" encoding="UTF-8"?>
<coverage generated="1744493265964" clover="3.2.0">
  <project timestamp="1744493265964" name="All files">
    <metrics statements="77" coveredstatements="53" conditionals="45" coveredconditionals="28" methods="31" coveredmethods="15" elements="153" coveredelements="96" complexity="0" loc="77" ncloc="77" packages="3" files="6" classes="6"/>
    <package name="Createtrip-Components">
      <metrics statements="71" coveredstatements="47" conditionals="45" coveredconditionals="28" methods="27" coveredmethods="11"/>
      <file name="ActivitiesDisplay.jsx" path="/Users/aldoguerrero/Desktop/SWE CS 3398/betazoids project/src/components/Createtrip-Components/ActivitiesDisplay.jsx">
        <metrics statements="28" coveredstatements="8" conditionals="21" coveredconditionals="12" methods="18" coveredmethods="3"/>
        <line num="18" count="1" type="stmt"/>
        <line num="19" count="1" type="stmt"/>
        <line num="22" count="1" type="stmt"/>
        <line num="23" count="0" type="stmt"/>
        <line num="24" count="0" type="stmt"/>
        <line num="25" count="0" type="stmt"/>
        <line num="26" count="0" type="stmt"/>
        <line num="29" count="1" type="stmt"/>
        <line num="30" count="0" type="stmt"/>
        <line num="33" count="1" type="stmt"/>
        <line num="43" count="1" type="stmt"/>
        <line num="47" count="0" type="stmt"/>
        <line num="58" count="0" type="stmt"/>
        <line num="60" count="0" type="stmt"/>
        <line num="97" count="0" type="stmt"/>
        <line num="117" count="1" type="stmt"/>
        <line num="120" count="0" type="cond" truecount="1" falsecount="1"/>
        <line num="130" count="0" type="stmt"/>
        <line num="132" count="0" type="stmt"/>
        <line num="169" count="0" type="stmt"/>
        <line num="170" count="0" type="stmt"/>
        <line num="171" count="0" type="stmt"/>
        <line num="192" count="0" type="stmt"/>
        <line num="195" count="0" type="cond" truecount="0" falsecount="2"/>
        <line num="205" count="0" type="stmt"/>
        <line num="207" count="0" type="stmt"/>
        <line num="244" count="0" type="stmt"/>
        <line num="269" count="1" type="stmt"/>
      </file>
      <file name="ActivityModal.jsx" path="/Users/aldoguerrero/Desktop/SWE CS 3398/betazoids project/src/components/Createtrip-Components/ActivityModal.jsx">
        <metrics statements="8" coveredstatements="8" conditionals="14" coveredconditionals="9" methods="1" coveredmethods="1"/>
        <line num="4" count="2" type="stmt"/>
        <line num="5" count="2" type="stmt"/>
        <line num="6" count="2" type="stmt"/>
        <line num="7" count="2" type="stmt"/>
        <line num="8" count="2" type="stmt"/>
        <line num="10" count="2" type="stmt"/>
        <line num="11" count="4" type="cond" truecount="2" falsecount="0"/>
        <line num="13" count="2" type="stmt"/>
      </file>
      <file name="PreferenceModal.jsx" path="/Users/aldoguerrero/Desktop/SWE CS 3398/betazoids project/src/components/Createtrip-Components/PreferenceModal.jsx">
        <metrics statements="35" coveredstatements="31" conditionals="10" coveredconditionals="7" methods="8" coveredmethods="7"/>
        <line num="9" count="10" type="stmt"/>
        <line num="10" count="10" type="stmt"/>
        <line num="11" count="10" type="stmt"/>
        <line num="12" count="10" type="stmt"/>
        <line num="13" count="10" type="stmt"/>
        <line num="14" count="10" type="stmt"/>
        <line num="15" count="10" type="stmt"/>
        <line num="16" count="10" type="stmt"/>
        <line num="19" count="10" type="stmt"/>
        <line num="39" count="10" type="stmt"/>
        <line num="40" count="0" type="stmt"/>
        <line num="41" count="0" type="stmt"/>
        <line num="44" count="10" type="stmt"/>
        <line num="45" count="1" type="stmt"/>
        <line num="53" count="1" type="stmt"/>
        <line num="64" count="1" type="stmt"/>
        <line num="72" count="1" type="stmt"/>
        <line num="73" count="1" type="stmt"/>
        <line num="75" count="1" type="stmt"/>
        <line num="76" count="1" type="stmt"/>
        <line num="77" count="1" type="stmt"/>
        <line num="78" count="1" type="stmt"/>
        <line num="80" count="1" type="stmt"/>
        <line num="88" count="1" type="stmt"/>
        <line num="89" count="1" type="stmt"/>
        <line num="91" count="0" type="stmt"/>
        <line num="92" count="0" type="stmt"/>
        <line num="94" count="1" type="stmt"/>
        <line num="97" count="1" type="stmt"/>
        <line num="101" count="10" type="stmt"/>
        <line num="119" count="1" type="stmt"/>
        <line num="142" count="1" type="stmt"/>
        <line num="170" count="1" type="stmt"/>
        <line num="188" count="1" type="stmt"/>
        <line num="207" count="1" type="stmt"/>
      </file>
    </package>
    <package name="Landing-Components">
      <metrics statements="1" coveredstatements="1" conditionals="0" coveredconditionals="0" methods="1" coveredmethods="1"/>
      <file name="NavigationBar.jsx" path="/Users/aldoguerrero/Desktop/SWE CS 3398/betazoids project/src/components/Landing-Components/NavigationBar.jsx">
        <metrics statements="1" coveredstatements="1" conditionals="0" coveredconditionals="0" methods="1" coveredmethods="1"/>
        <line num="6" count="3" type="stmt"/>
      </file>
    </package>
    <package name="Login-Components">
      <metrics statements="5" coveredstatements="5" conditionals="0" coveredconditionals="0" methods="3" coveredmethods="3"/>
      <file name="InputField.jsx" path="/Users/aldoguerrero/Desktop/SWE CS 3398/betazoids project/src/components/Login-Components/InputField.jsx">
        <metrics statements="2" coveredstatements="2" conditionals="0" coveredconditionals="0" methods="1" coveredmethods="1"/>
        <line num="4" count="1" type="stmt"/>
        <line num="5" count="3" type="stmt"/>
      </file>
      <file name="SocialLogin.jsx" path="/Users/aldoguerrero/Desktop/SWE CS 3398/betazoids project/src/components/Login-Components/SocialLogin.jsx">
        <metrics statements="3" coveredstatements="3" conditionals="0" coveredconditionals="0" methods="2" coveredmethods="2"/>
        <line num="5" count="1" type="stmt"/>
        <line num="6" count="2" type="stmt"/>
        <line num="8" count="1" type="stmt"/>
      </file>
    </package>
  </project>
</coverage>
