{"C:\\Users\\Steve\\Dropbox\\My PC (DESKTOP-R6I1S2M)\\Documents\\Software Engineering\\WhichWay Repo\\whichway\\src\\backend\\dataCollect.js": {"path":"C:\\Users\\Steve\\Dropbox\\My PC (DESKTOP-R6I1S2M)\\Documents\\Software Engineering\\WhichWay Repo\\whichway\\src\\backend\\dataCollect.js","statementMap":{"0":{"start":{"line":2,"column":18},"end":{"line":7,"column":1}},"1":{"start":{"line":16,"column":2},"end":{"line":16,"column":26}},"2":{"start":{"line":17,"column":2},"end":{"line":17,"column":40}},"3":{"start":{"line":18,"column":2},"end":{"line":18,"column":34}},"4":{"start":{"line":19,"column":2},"end":{"line":19,"column":36}},"5":{"start":{"line":20,"column":2},"end":{"line":20,"column":32}},"6":{"start":{"line":25,"column":20},"end":{"line":25,"column":22}},"7":{"start":{"line":26,"column":28},"end":{"line":26,"column":30}},"8":{"start":{"line":27,"column":22},"end":{"line":27,"column":24}},"9":{"start":{"line":30,"column":2},"end":{"line":30,"column":28}},"10":{"start":{"line":31,"column":2},"end":{"line":31,"column":45}},"11":{"start":{"line":32,"column":2},"end":{"line":32,"column":33}},"12":{"start":{"line":36,"column":2},"end":{"line":40,"column":4}},"13":{"start":{"line":44,"column":18},"end":{"line":50,"column":1}},"14":{"start":{"line":59,"column":2},"end":{"line":59,"column":32}},"15":{"start":{"line":60,"column":2},"end":{"line":60,"column":42}},"16":{"start":{"line":62,"column":2},"end":{"line":62,"column":46}},"17":{"start":{"line":63,"column":2},"end":{"line":63,"column":40}},"18":{"start":{"line":67,"column":2},"end":{"line":67,"column":21}},"19":{"start":{"line":72,"column":19},"end":{"line":72,"column":23}},"20":{"start":{"line":75,"column":2},"end":{"line":75,"column":47}},"21":{"start":{"line":76,"column":2},"end":{"line":99,"column":3}},"22":{"start":{"line":77,"column":4},"end":{"line":79,"column":5}},"23":{"start":{"line":78,"column":6},"end":{"line":78,"column":52}},"24":{"start":{"line":81,"column":4},"end":{"line":86,"column":5}},"25":{"start":{"line":82,"column":6},"end":{"line":85,"column":8}},"26":{"start":{"line":88,"column":24},"end":{"line":88,"column":44}},"27":{"start":{"line":90,"column":4},"end":{"line":90,"column":43}},"28":{"start":{"line":92,"column":4},"end":{"line":92,"column":63}},"29":{"start":{"line":94,"column":4},"end":{"line":94,"column":66}},"30":{"start":{"line":95,"column":4},"end":{"line":98,"column":6}},"31":{"start":{"line":103,"column":2},"end":{"line":105,"column":3}},"32":{"start":{"line":104,"column":4},"end":{"line":104,"column":45}},"33":{"start":{"line":106,"column":2},"end":{"line":106,"column":22}}},"fnMap":{"0":{"name":"saveDetails","decl":{"start":{"line":9,"column":9},"end":{"line":9,"column":20}},"loc":{"start":{"line":15,"column":2},"end":{"line":22,"column":1}},"line":15},"1":{"name":"saveActivities","decl":{"start":{"line":29,"column":9},"end":{"line":29,"column":23}},"loc":{"start":{"line":29,"column":69},"end":{"line":33,"column":1}},"line":29},"2":{"name":"getSavedActivities","decl":{"start":{"line":35,"column":9},"end":{"line":35,"column":27}},"loc":{"start":{"line":35,"column":30},"end":{"line":41,"column":1}},"line":35},"3":{"name":"collectPreferences","decl":{"start":{"line":52,"column":9},"end":{"line":52,"column":27}},"loc":{"start":{"line":58,"column":2},"end":{"line":64,"column":1}},"line":58},"4":{"name":"getPreferences","decl":{"start":{"line":66,"column":9},"end":{"line":66,"column":23}},"loc":{"start":{"line":66,"column":26},"end":{"line":68,"column":1}},"line":66},"5":{"name":"saveItineraryData","decl":{"start":{"line":74,"column":9},"end":{"line":74,"column":26}},"loc":{"start":{"line":74,"column":42},"end":{"line":100,"column":1}},"line":74},"6":{"name":"getItineraryData","decl":{"start":{"line":102,"column":9},"end":{"line":102,"column":25}},"loc":{"start":{"line":102,"column":28},"end":{"line":107,"column":1}},"line":102}},"branchMap":{"0":{"loc":{"start":{"line":77,"column":4},"end":{"line":79,"column":5}},"type":"if","locations":[{"start":{"line":77,"column":4},"end":{"line":79,"column":5}},{"start":{},"end":{}}],"line":77},"1":{"loc":{"start":{"line":81,"column":4},"end":{"line":86,"column":5}},"type":"if","locations":[{"start":{"line":81,"column":4},"end":{"line":86,"column":5}},{"start":{},"end":{}}],"line":81},"2":{"loc":{"start":{"line":103,"column":2},"end":{"line":105,"column":3}},"type":"if","locations":[{"start":{"line":103,"column":2},"end":{"line":105,"column":3}},{"start":{},"end":{}}],"line":103}},"s":{"0":1,"1":0,"2":0,"3":0,"4":0,"5":0,"6":1,"7":1,"8":1,"9":2,"10":2,"11":2,"12":2,"13":1,"14":0,"15":0,"16":0,"17":0,"18":0,"19":1,"20":0,"21":0,"22":0,"23":0,"24":0,"25":0,"26":0,"27":0,"28":0,"29":0,"30":0,"31":0,"32":0,"33":0},"f":{"0":0,"1":2,"2":2,"3":0,"4":0,"5":0,"6":0},"b":{"0":[0,0],"1":[0,0],"2":[0,0]},"_coverageSchema":"1a1c01bbd47fc00a2c39e90264f33305004495a9","hash":"cd8b9326192d08a525a3681717e4127282f9581f"}
,"C:\\Users\\Steve\\Dropbox\\My PC (DESKTOP-R6I1S2M)\\Documents\\Software Engineering\\WhichWay Repo\\whichway\\src\\backend\\openAI.js": {"path":"C:\\Users\\Steve\\Dropbox\\My PC (DESKTOP-R6I1S2M)\\Documents\\Software Engineering\\WhichWay Repo\\whichway\\src\\backend\\openAI.js","statementMap":{"0":{"start":{"line":3,"column":22},"end":{"line":15,"column":15}},"1":{"start":{"line":17,"column":20},"end":{"line":48,"column":1}},"2":{"start":{"line":50,"column":26},"end":{"line":82,"column":1}},"3":{"start":{"line":51,"column":2},"end":{"line":81,"column":3}},"4":{"start":{"line":53,"column":4},"end":{"line":56,"column":5}},"5":{"start":{"line":54,"column":6},"end":{"line":54,"column":61}},"6":{"start":{"line":55,"column":6},"end":{"line":55,"column":57}},"7":{"start":{"line":58,"column":21},"end":{"line":64,"column":6}},"8":{"start":{"line":67,"column":4},"end":{"line":74,"column":5}},"9":{"start":{"line":73,"column":6},"end":{"line":73,"column":75}},"10":{"start":{"line":76,"column":22},"end":{"line":76,"column":57}},"11":{"start":{"line":77,"column":4},"end":{"line":77,"column":21}},"12":{"start":{"line":79,"column":4},"end":{"line":79,"column":73}},"13":{"start":{"line":80,"column":4},"end":{"line":80,"column":16}}},"fnMap":{"0":{"name":"(anonymous_0)","decl":{"start":{"line":50,"column":26},"end":{"line":50,"column":27}},"loc":{"start":{"line":50,"column":51},"end":{"line":82,"column":1}},"line":50}},"branchMap":{"0":{"loc":{"start":{"line":53,"column":4},"end":{"line":56,"column":5}},"type":"if","locations":[{"start":{"line":53,"column":4},"end":{"line":56,"column":5}},{"start":{},"end":{}}],"line":53},"1":{"loc":{"start":{"line":67,"column":4},"end":{"line":74,"column":5}},"type":"if","locations":[{"start":{"line":67,"column":4},"end":{"line":74,"column":5}},{"start":{},"end":{}}],"line":67},"2":{"loc":{"start":{"line":68,"column":6},"end":{"line":71,"column":34}},"type":"binary-expr","locations":[{"start":{"line":68,"column":6},"end":{"line":68,"column":15}},{"start":{"line":69,"column":6},"end":{"line":69,"column":23}},{"start":{"line":70,"column":6},"end":{"line":70,"column":26}},{"start":{"line":71,"column":6},"end":{"line":71,"column":34}}],"line":68},"3":{"loc":{"start":{"line":79,"column":49},"end":{"line":79,"column":71}},"type":"binary-expr","locations":[{"start":{"line":79,"column":49},"end":{"line":79,"column":62}},{"start":{"line":79,"column":66},"end":{"line":79,"column":71}}],"line":79}},"s":{"0":1,"1":1,"2":1,"3":1,"4":1,"5":0,"6":0,"7":1,"8":1,"9":0,"10":1,"11":1,"12":0,"13":0},"f":{"0":1},"b":{"0":[0,1],"1":[0,1],"2":[1,1,1,1],"3":[0,0]},"_coverageSchema":"1a1c01bbd47fc00a2c39e90264f33305004495a9","hash":"3a703a64875bfcbddad873e3a5222891b769d96d"}
,"C:\\Users\\Steve\\Dropbox\\My PC (DESKTOP-R6I1S2M)\\Documents\\Software Engineering\\WhichWay Repo\\whichway\\src\\components\\Createtrip-Components\\ActivitiesDisplay.jsx": {"path":"C:\\Users\\Steve\\Dropbox\\My PC (DESKTOP-R6I1S2M)\\Documents\\Software Engineering\\WhichWay Repo\\whichway\\src\\components\\Createtrip-Components\\ActivitiesDisplay.jsx","statementMap":{"0":{"start":{"line":18,"column":36},"end":{"line":18,"column":51}},"1":{"start":{"line":19,"column":42},"end":{"line":19,"column":56}},"2":{"start":{"line":22,"column":23},"end":{"line":27,"column":3}},"3":{"start":{"line":23,"column":4},"end":{"line":23,"column":35}},"4":{"start":{"line":24,"column":4},"end":{"line":24,"column":29}},"5":{"start":{"line":25,"column":4},"end":{"line":25,"column":26}},"6":{"start":{"line":26,"column":4},"end":{"line":26,"column":23}},"7":{"start":{"line":29,"column":22},"end":{"line":31,"column":3}},"8":{"start":{"line":30,"column":4},"end":{"line":30,"column":24}},"9":{"start":{"line":33,"column":2},"end":{"line":266,"column":4}},"10":{"start":{"line":43,"column":14},"end":{"line":105,"column":22}},"11":{"start":{"line":47,"column":39},"end":{"line":47,"column":71}},"12":{"start":{"line":58,"column":39},"end":{"line":58,"column":71}},"13":{"start":{"line":60,"column":34},"end":{"line":60,"column":65}},"14":{"start":{"line":97,"column":33},"end":{"line":97,"column":51}},"15":{"start":{"line":117,"column":14},"end":{"line":180,"column":22}},"16":{"start":{"line":120,"column":47},"end":{"line":120,"column":70}},"17":{"start":{"line":130,"column":30},"end":{"line":130,"column":53}},"18":{"start":{"line":132,"column":34},"end":{"line":132,"column":56}},"19":{"start":{"line":169,"column":20},"end":{"line":169,"column":46}},"20":{"start":{"line":170,"column":20},"end":{"line":170,"column":38}},"21":{"start":{"line":171,"column":20},"end":{"line":171,"column":39}},"22":{"start":{"line":192,"column":14},"end":{"line":252,"column":22}},"23":{"start":{"line":195,"column":52},"end":{"line":195,"column":78}},"24":{"start":{"line":205,"column":33},"end":{"line":205,"column":59}},"25":{"start":{"line":207,"column":34},"end":{"line":207,"column":59}},"26":{"start":{"line":244,"column":33},"end":{"line":244,"column":51}},"27":{"start":{"line":269,"column":0},"end":{"line":279,"column":2}}},"fnMap":{"0":{"name":"ActivitiesDisplay","decl":{"start":{"line":7,"column":9},"end":{"line":7,"column":26}},"loc":{"start":{"line":17,"column":3},"end":{"line":267,"column":1}},"line":17},"1":{"name":"(anonymous_1)","decl":{"start":{"line":22,"column":23},"end":{"line":22,"column":24}},"loc":{"start":{"line":22,"column":33},"end":{"line":27,"column":3}},"line":22},"2":{"name":"(anonymous_2)","decl":{"start":{"line":29,"column":22},"end":{"line":29,"column":23}},"loc":{"start":{"line":29,"column":28},"end":{"line":31,"column":3}},"line":29},"3":{"name":"(anonymous_3)","decl":{"start":{"line":42,"column":38},"end":{"line":42,"column":39}},"loc":{"start":{"line":43,"column":14},"end":{"line":105,"column":22}},"line":43},"4":{"name":"(anonymous_4)","decl":{"start":{"line":47,"column":20},"end":{"line":47,"column":21}},"loc":{"start":{"line":47,"column":39},"end":{"line":47,"column":71}},"line":47},"5":{"name":"(anonymous_5)","decl":{"start":{"line":58,"column":20},"end":{"line":58,"column":21}},"loc":{"start":{"line":58,"column":39},"end":{"line":58,"column":71}},"line":58},"6":{"name":"(anonymous_6)","decl":{"start":{"line":60,"column":28},"end":{"line":60,"column":29}},"loc":{"start":{"line":60,"column":34},"end":{"line":60,"column":65}},"line":60},"7":{"name":"(anonymous_7)","decl":{"start":{"line":97,"column":27},"end":{"line":97,"column":28}},"loc":{"start":{"line":97,"column":33},"end":{"line":97,"column":51}},"line":97},"8":{"name":"(anonymous_8)","decl":{"start":{"line":116,"column":29},"end":{"line":116,"column":30}},"loc":{"start":{"line":117,"column":14},"end":{"line":180,"column":22}},"line":117},"9":{"name":"(anonymous_9)","decl":{"start":{"line":120,"column":37},"end":{"line":120,"column":38}},"loc":{"start":{"line":120,"column":47},"end":{"line":120,"column":70}},"line":120},"10":{"name":"(anonymous_10)","decl":{"start":{"line":130,"column":20},"end":{"line":130,"column":21}},"loc":{"start":{"line":130,"column":30},"end":{"line":130,"column":53}},"line":130},"11":{"name":"(anonymous_11)","decl":{"start":{"line":132,"column":28},"end":{"line":132,"column":29}},"loc":{"start":{"line":132,"column":34},"end":{"line":132,"column":56}},"line":132},"12":{"name":"(anonymous_12)","decl":{"start":{"line":168,"column":27},"end":{"line":168,"column":28}},"loc":{"start":{"line":168,"column":33},"end":{"line":172,"column":19}},"line":168},"13":{"name":"(anonymous_13)","decl":{"start":{"line":191,"column":32},"end":{"line":191,"column":33}},"loc":{"start":{"line":192,"column":14},"end":{"line":252,"column":22}},"line":192},"14":{"name":"(anonymous_14)","decl":{"start":{"line":195,"column":39},"end":{"line":195,"column":40}},"loc":{"start":{"line":195,"column":52},"end":{"line":195,"column":78}},"line":195},"15":{"name":"(anonymous_15)","decl":{"start":{"line":205,"column":20},"end":{"line":205,"column":21}},"loc":{"start":{"line":205,"column":33},"end":{"line":205,"column":59}},"line":205},"16":{"name":"(anonymous_16)","decl":{"start":{"line":207,"column":28},"end":{"line":207,"column":29}},"loc":{"start":{"line":207,"column":34},"end":{"line":207,"column":59}},"line":207},"17":{"name":"(anonymous_17)","decl":{"start":{"line":244,"column":27},"end":{"line":244,"column":28}},"loc":{"start":{"line":244,"column":33},"end":{"line":244,"column":51}},"line":244}},"branchMap":{"0":{"loc":{"start":{"line":46,"column":18},"end":{"line":50,"column":24}},"type":"cond-expr","locations":[{"start":{"line":49,"column":22},"end":{"line":49,"column":32}},{"start":{"line":50,"column":22},"end":{"line":50,"column":24}}],"line":46},"1":{"loc":{"start":{"line":70,"column":19},"end":{"line":72,"column":19}},"type":"binary-expr","locations":[{"start":{"line":70,"column":19},"end":{"line":70,"column":34}},{"start":{"line":70,"column":38},"end":{"line":70,"column":67}},{"start":{"line":71,"column":20},"end":{"line":71,"column":79}}],"line":70},"2":{"loc":{"start":{"line":74,"column":19},"end":{"line":80,"column":19}},"type":"binary-expr","locations":[{"start":{"line":74,"column":19},"end":{"line":74,"column":40}},{"start":{"line":75,"column":20},"end":{"line":79,"column":27}}],"line":74},"3":{"loc":{"start":{"line":120,"column":18},"end":{"line":122,"column":24}},"type":"cond-expr","locations":[{"start":{"line":121,"column":22},"end":{"line":121,"column":32}},{"start":{"line":122,"column":22},"end":{"line":122,"column":24}}],"line":120},"4":{"loc":{"start":{"line":142,"column":19},"end":{"line":144,"column":19}},"type":"binary-expr","locations":[{"start":{"line":142,"column":19},"end":{"line":142,"column":34}},{"start":{"line":142,"column":38},"end":{"line":142,"column":67}},{"start":{"line":143,"column":20},"end":{"line":143,"column":79}}],"line":142},"5":{"loc":{"start":{"line":146,"column":19},"end":{"line":152,"column":19}},"type":"binary-expr","locations":[{"start":{"line":146,"column":19},"end":{"line":146,"column":40}},{"start":{"line":147,"column":20},"end":{"line":151,"column":27}}],"line":146},"6":{"loc":{"start":{"line":195,"column":18},"end":{"line":197,"column":24}},"type":"cond-expr","locations":[{"start":{"line":196,"column":22},"end":{"line":196,"column":32}},{"start":{"line":197,"column":22},"end":{"line":197,"column":24}}],"line":195},"7":{"loc":{"start":{"line":217,"column":19},"end":{"line":219,"column":19}},"type":"binary-expr","locations":[{"start":{"line":217,"column":19},"end":{"line":217,"column":34}},{"start":{"line":217,"column":38},"end":{"line":217,"column":67}},{"start":{"line":218,"column":20},"end":{"line":218,"column":79}}],"line":217},"8":{"loc":{"start":{"line":221,"column":19},"end":{"line":227,"column":19}},"type":"binary-expr","locations":[{"start":{"line":221,"column":19},"end":{"line":221,"column":40}},{"start":{"line":222,"column":20},"end":{"line":226,"column":27}}],"line":221}},"s":{"0":1,"1":1,"2":1,"3":0,"4":0,"5":0,"6":0,"7":1,"8":0,"9":1,"10":1,"11":0,"12":0,"13":0,"14":0,"15":1,"16":0,"17":0,"18":0,"19":0,"20":0,"21":0,"22":0,"23":0,"24":0,"25":0,"26":0,"27":1},"f":{"0":1,"1":0,"2":0,"3":1,"4":0,"5":0,"6":0,"7":0,"8":1,"9":0,"10":0,"11":0,"12":0,"13":0,"14":0,"15":0,"16":0,"17":0},"b":{"0":[0,1],"1":[1,1,1],"2":[1,1],"3":[0,1],"4":[1,1,1],"5":[1,1],"6":[0,0],"7":[0,0,0],"8":[0,0]},"_coverageSchema":"1a1c01bbd47fc00a2c39e90264f33305004495a9","hash":"3e883bc24b1711e96d75efc9d7df4d33e03db183"}
,"C:\\Users\\Steve\\Dropbox\\My PC (DESKTOP-R6I1S2M)\\Documents\\Software Engineering\\WhichWay Repo\\whichway\\src\\components\\Createtrip-Components\\ActivityModal.jsx": {"path":"C:\\Users\\Steve\\Dropbox\\My PC (DESKTOP-R6I1S2M)\\Documents\\Software Engineering\\WhichWay Repo\\whichway\\src\\components\\Createtrip-Components\\ActivityModal.jsx","statementMap":{"0":{"start":{"line":4,"column":22},"end":{"line":4,"column":56}},"1":{"start":{"line":5,"column":28},"end":{"line":5,"column":69}},"2":{"start":{"line":6,"column":26},"end":{"line":6,"column":41}},"3":{"start":{"line":7,"column":22},"end":{"line":7,"column":43}},"4":{"start":{"line":8,"column":27},"end":{"line":8,"column":53}},"5":{"start":{"line":10,"column":22},"end":{"line":100,"column":1}},"6":{"start":{"line":11,"column":2},"end":{"line":11,"column":25}},"7":{"start":{"line":11,"column":13},"end":{"line":11,"column":25}},"8":{"start":{"line":13,"column":2},"end":{"line":99,"column":4}}},"fnMap":{"0":{"name":"(anonymous_0)","decl":{"start":{"line":10,"column":22},"end":{"line":10,"column":23}},"loc":{"start":{"line":10,"column":54},"end":{"line":100,"column":1}},"line":10}},"branchMap":{"0":{"loc":{"start":{"line":11,"column":2},"end":{"line":11,"column":25}},"type":"if","locations":[{"start":{"line":11,"column":2},"end":{"line":11,"column":25}},{"start":{},"end":{}}],"line":11},"1":{"loc":{"start":{"line":22,"column":15},"end":{"line":22,"column":44}},"type":"binary-expr","locations":[{"start":{"line":22,"column":15},"end":{"line":22,"column":27}},{"start":{"line":22,"column":31},"end":{"line":22,"column":44}}],"line":22},"2":{"loc":{"start":{"line":32,"column":11},"end":{"line":32,"column":51}},"type":"binary-expr","locations":[{"start":{"line":32,"column":11},"end":{"line":32,"column":28}},{"start":{"line":32,"column":32},"end":{"line":32,"column":51}}],"line":32},"3":{"loc":{"start":{"line":38,"column":42},"end":{"line":38,"column":78}},"type":"binary-expr","locations":[{"start":{"line":38,"column":42},"end":{"line":38,"column":57}},{"start":{"line":38,"column":61},"end":{"line":38,"column":78}}],"line":38},"4":{"loc":{"start":{"line":45,"column":13},"end":{"line":45,"column":51}},"type":"binary-expr","locations":[{"start":{"line":45,"column":13},"end":{"line":45,"column":29}},{"start":{"line":45,"column":33},"end":{"line":45,"column":51}}],"line":45},"5":{"loc":{"start":{"line":50,"column":9},"end":{"line":91,"column":9}},"type":"binary-expr","locations":[{"start":{"line":50,"column":9},"end":{"line":50,"column":13}},{"start":{"line":51,"column":10},"end":{"line":90,"column":16}}],"line":50},"6":{"loc":{"start":{"line":67,"column":17},"end":{"line":73,"column":17}},"type":"cond-expr","locations":[{"start":{"line":68,"column":18},"end":{"line":70,"column":25}},{"start":{"line":72,"column":18},"end":{"line":72,"column":34}}],"line":67}},"s":{"0":2,"1":2,"2":2,"3":2,"4":2,"5":2,"6":4,"7":2,"8":2},"f":{"0":4},"b":{"0":[2,2],"1":[2,0],"2":[2,0],"3":[2,0],"4":[2,0],"5":[2,2],"6":[2,0]},"_coverageSchema":"1a1c01bbd47fc00a2c39e90264f33305004495a9","hash":"7c5f62d97deac0b8b6bf52b204c1e0808f578639"}
,"C:\\Users\\Steve\\Dropbox\\My PC (DESKTOP-R6I1S2M)\\Documents\\Software Engineering\\WhichWay Repo\\whichway\\src\\components\\Createtrip-Components\\DateSelector.jsx": {"path":"C:\\Users\\Steve\\Dropbox\\My PC (DESKTOP-R6I1S2M)\\Documents\\Software Engineering\\WhichWay Repo\\whichway\\src\\components\\Createtrip-Components\\DateSelector.jsx","statementMap":{"0":{"start":{"line":6,"column":21},"end":{"line":117,"column":1}},"1":{"start":{"line":12,"column":36},"end":{"line":12,"column":62}},"2":{"start":{"line":13,"column":32},"end":{"line":13,"column":56}},"3":{"start":{"line":14,"column":30},"end":{"line":14,"column":45}},"4":{"start":{"line":15,"column":42},"end":{"line":15,"column":57}},"5":{"start":{"line":16,"column":24},"end":{"line":16,"column":36}},"6":{"start":{"line":19,"column":27},"end":{"line":47,"column":3}},"7":{"start":{"line":20,"column":4},"end":{"line":46,"column":5}},"8":{"start":{"line":22,"column":6},"end":{"line":22,"column":25}},"9":{"start":{"line":23,"column":6},"end":{"line":23,"column":23}},"10":{"start":{"line":24,"column":6},"end":{"line":24,"column":28}},"11":{"start":{"line":28,"column":6},"end":{"line":33,"column":7}},"12":{"start":{"line":29,"column":8},"end":{"line":29,"column":30}},"13":{"start":{"line":30,"column":8},"end":{"line":30,"column":27}},"14":{"start":{"line":32,"column":8},"end":{"line":32,"column":25}},"15":{"start":{"line":34,"column":6},"end":{"line":34,"column":29}},"16":{"start":{"line":35,"column":6},"end":{"line":35,"column":23}},"17":{"start":{"line":38,"column":6},"end":{"line":45,"column":7}},"18":{"start":{"line":39,"column":31},"end":{"line":39,"column":66}},"19":{"start":{"line":40,"column":29},"end":{"line":40,"column":64}},"20":{"start":{"line":41,"column":8},"end":{"line":44,"column":11}},"21":{"start":{"line":50,"column":25},"end":{"line":55,"column":3}},"22":{"start":{"line":51,"column":4},"end":{"line":51,"column":49}},"23":{"start":{"line":51,"column":20},"end":{"line":51,"column":49}},"24":{"start":{"line":52,"column":4},"end":{"line":53,"column":73}},"25":{"start":{"line":53,"column":6},"end":{"line":53,"column":73}},"26":{"start":{"line":54,"column":4},"end":{"line":54,"column":82}},"27":{"start":{"line":58,"column":2},"end":{"line":75,"column":21}},"28":{"start":{"line":59,"column":31},"end":{"line":69,"column":5}},"29":{"start":{"line":60,"column":6},"end":{"line":68,"column":7}},"30":{"start":{"line":64,"column":8},"end":{"line":64,"column":25}},"31":{"start":{"line":65,"column":8},"end":{"line":67,"column":9}},"32":{"start":{"line":66,"column":10},"end":{"line":66,"column":33}},"33":{"start":{"line":71,"column":4},"end":{"line":71,"column":63}},"34":{"start":{"line":72,"column":4},"end":{"line":74,"column":6}},"35":{"start":{"line":73,"column":6},"end":{"line":73,"column":68}},"36":{"start":{"line":77,"column":2},"end":{"line":116,"column":4}},"37":{"start":{"line":82,"column":10},"end":{"line":82,"column":29}},"38":{"start":{"line":83,"column":10},"end":{"line":86,"column":11}},"39":{"start":{"line":85,"column":12},"end":{"line":85,"column":53}},"40":{"start":{"line":121,"column":16},"end":{"line":121,"column":18}},"41":{"start":{"line":122,"column":24},"end":{"line":122,"column":43}},"42":{"start":{"line":125,"column":2},"end":{"line":125,"column":57}},"43":{"start":{"line":128,"column":2},"end":{"line":131,"column":3}},"44":{"start":{"line":129,"column":4},"end":{"line":129,"column":42}},"45":{"start":{"line":130,"column":4},"end":{"line":130,"column":59}},"46":{"start":{"line":133,"column":2},"end":{"line":133,"column":15}}},"fnMap":{"0":{"name":"(anonymous_0)","decl":{"start":{"line":6,"column":21},"end":{"line":6,"column":22}},"loc":{"start":{"line":11,"column":6},"end":{"line":117,"column":1}},"line":11},"1":{"name":"(anonymous_1)","decl":{"start":{"line":19,"column":27},"end":{"line":19,"column":28}},"loc":{"start":{"line":19,"column":37},"end":{"line":47,"column":3}},"line":19},"2":{"name":"(anonymous_2)","decl":{"start":{"line":50,"column":25},"end":{"line":50,"column":26}},"loc":{"start":{"line":50,"column":31},"end":{"line":55,"column":3}},"line":50},"3":{"name":"(anonymous_3)","decl":{"start":{"line":58,"column":12},"end":{"line":58,"column":13}},"loc":{"start":{"line":58,"column":18},"end":{"line":75,"column":3}},"line":58},"4":{"name":"(anonymous_4)","decl":{"start":{"line":59,"column":31},"end":{"line":59,"column":32}},"loc":{"start":{"line":59,"column":42},"end":{"line":69,"column":5}},"line":59},"5":{"name":"(anonymous_5)","decl":{"start":{"line":72,"column":11},"end":{"line":72,"column":12}},"loc":{"start":{"line":72,"column":17},"end":{"line":74,"column":5}},"line":72},"6":{"name":"(anonymous_6)","decl":{"start":{"line":81,"column":17},"end":{"line":81,"column":18}},"loc":{"start":{"line":81,"column":23},"end":{"line":87,"column":9}},"line":81},"7":{"name":"getDatesBetween","decl":{"start":{"line":120,"column":9},"end":{"line":120,"column":24}},"loc":{"start":{"line":120,"column":49},"end":{"line":134,"column":1}},"line":120}},"branchMap":{"0":{"loc":{"start":{"line":8,"column":2},"end":{"line":8,"column":25}},"type":"default-arg","locations":[{"start":{"line":8,"column":21},"end":{"line":8,"column":25}}],"line":8},"1":{"loc":{"start":{"line":9,"column":2},"end":{"line":9,"column":23}},"type":"default-arg","locations":[{"start":{"line":9,"column":19},"end":{"line":9,"column":23}}],"line":9},"2":{"loc":{"start":{"line":10,"column":2},"end":{"line":10,"column":27}},"type":"default-arg","locations":[{"start":{"line":10,"column":15},"end":{"line":10,"column":27}}],"line":10},"3":{"loc":{"start":{"line":20,"column":4},"end":{"line":46,"column":5}},"type":"if","locations":[{"start":{"line":20,"column":4},"end":{"line":46,"column":5}},{"start":{"line":25,"column":11},"end":{"line":46,"column":5}}],"line":20},"4":{"loc":{"start":{"line":28,"column":6},"end":{"line":33,"column":7}},"type":"if","locations":[{"start":{"line":28,"column":6},"end":{"line":33,"column":7}},{"start":{"line":31,"column":13},"end":{"line":33,"column":7}}],"line":28},"5":{"loc":{"start":{"line":38,"column":6},"end":{"line":45,"column":7}},"type":"if","locations":[{"start":{"line":38,"column":6},"end":{"line":45,"column":7}},{"start":{},"end":{}}],"line":38},"6":{"loc":{"start":{"line":39,"column":31},"end":{"line":39,"column":66}},"type":"cond-expr","locations":[{"start":{"line":39,"column":50},"end":{"line":39,"column":54}},{"start":{"line":39,"column":57},"end":{"line":39,"column":66}}],"line":39},"7":{"loc":{"start":{"line":40,"column":29},"end":{"line":40,"column":64}},"type":"cond-expr","locations":[{"start":{"line":40,"column":48},"end":{"line":40,"column":57}},{"start":{"line":40,"column":60},"end":{"line":40,"column":64}}],"line":40},"8":{"loc":{"start":{"line":51,"column":4},"end":{"line":51,"column":49}},"type":"if","locations":[{"start":{"line":51,"column":4},"end":{"line":51,"column":49}},{"start":{},"end":{}}],"line":51},"9":{"loc":{"start":{"line":52,"column":4},"end":{"line":53,"column":73}},"type":"if","locations":[{"start":{"line":52,"column":4},"end":{"line":53,"column":73}},{"start":{},"end":{}}],"line":52},"10":{"loc":{"start":{"line":60,"column":6},"end":{"line":68,"column":7}},"type":"if","locations":[{"start":{"line":60,"column":6},"end":{"line":68,"column":7}},{"start":{},"end":{}}],"line":60},"11":{"loc":{"start":{"line":61,"column":8},"end":{"line":62,"column":53}},"type":"binary-expr","locations":[{"start":{"line":61,"column":8},"end":{"line":61,"column":29}},{"start":{"line":62,"column":8},"end":{"line":62,"column":53}}],"line":61},"12":{"loc":{"start":{"line":65,"column":8},"end":{"line":67,"column":9}},"type":"if","locations":[{"start":{"line":65,"column":8},"end":{"line":67,"column":9}},{"start":{},"end":{}}],"line":65},"13":{"loc":{"start":{"line":80,"column":39},"end":{"line":80,"column":66}},"type":"cond-expr","locations":[{"start":{"line":80,"column":51},"end":{"line":80,"column":61}},{"start":{"line":80,"column":64},"end":{"line":80,"column":66}}],"line":80},"14":{"loc":{"start":{"line":80,"column":70},"end":{"line":80,"column":105}},"type":"cond-expr","locations":[{"start":{"line":80,"column":85},"end":{"line":80,"column":100}},{"start":{"line":80,"column":103},"end":{"line":80,"column":105}}],"line":80},"15":{"loc":{"start":{"line":83,"column":10},"end":{"line":86,"column":11}},"type":"if","locations":[{"start":{"line":83,"column":10},"end":{"line":86,"column":11}},{"start":{},"end":{}}],"line":83},"16":{"loc":{"start":{"line":85,"column":28},"end":{"line":85,"column":51}},"type":"binary-expr","locations":[{"start":{"line":85,"column":28},"end":{"line":85,"column":39}},{"start":{"line":85,"column":43},"end":{"line":85,"column":51}}],"line":85},"17":{"loc":{"start":{"line":91,"column":7},"end":{"line":114,"column":7}},"type":"binary-expr","locations":[{"start":{"line":91,"column":7},"end":{"line":91,"column":13}},{"start":{"line":92,"column":8},"end":{"line":113,"column":10}}],"line":91},"18":{"loc":{"start":{"line":93,"column":20},"end":{"line":93,"column":54}},"type":"cond-expr","locations":[{"start":{"line":93,"column":35},"end":{"line":93,"column":42}},{"start":{"line":93,"column":45},"end":{"line":93,"column":54}}],"line":93},"19":{"loc":{"start":{"line":108,"column":16},"end":{"line":110,"column":22}},"type":"cond-expr","locations":[{"start":{"line":109,"column":20},"end":{"line":109,"column":58}},{"start":{"line":110,"column":20},"end":{"line":110,"column":22}}],"line":108},"20":{"loc":{"start":{"line":108,"column":16},"end":{"line":108,"column":41}},"type":"binary-expr","locations":[{"start":{"line":108,"column":16},"end":{"line":108,"column":25}},{"start":{"line":108,"column":29},"end":{"line":108,"column":41}}],"line":108}},"s":{"0":1,"1":10,"2":10,"3":10,"4":10,"5":10,"6":10,"7":2,"8":1,"9":1,"10":1,"11":1,"12":0,"13":0,"14":1,"15":1,"16":1,"17":1,"18":1,"19":1,"20":1,"21":10,"22":10,"23":8,"24":2,"25":1,"26":1,"27":10,"28":6,"29":1,"30":1,"31":1,"32":0,"33":6,"34":6,"35":6,"36":10,"37":3,"38":3,"39":3,"40":1,"41":1,"42":1,"43":1,"44":0,"45":0,"46":1},"f":{"0":10,"1":2,"2":10,"3":6,"4":1,"5":6,"6":3,"7":1},"b":{"0":[10],"1":[10],"2":[10],"3":[1,1],"4":[0,1],"5":[1,0],"6":[0,1],"7":[0,1],"8":[8,2],"9":[1,1],"10":[1,0],"11":[1,1],"12":[0,1],"13":[2,8],"14":[1,9],"15":[3,0],"16":[3,0],"17":[10,4],"18":[1,3],"19":[1,3],"20":[4,1]},"_coverageSchema":"1a1c01bbd47fc00a2c39e90264f33305004495a9","hash":"e84a4af05e580e9659a54693733c5b0faa10e5bc"}
,"C:\\Users\\Steve\\Dropbox\\My PC (DESKTOP-R6I1S2M)\\Documents\\Software Engineering\\WhichWay Repo\\whichway\\src\\components\\Createtrip-Components\\PreferenceModal.jsx": {"path":"C:\\Users\\Steve\\Dropbox\\My PC (DESKTOP-R6I1S2M)\\Documents\\Software Engineering\\WhichWay Repo\\whichway\\src\\components\\Createtrip-Components\\PreferenceModal.jsx","statementMap":{"0":{"start":{"line":9,"column":32},"end":{"line":9,"column":44}},"1":{"start":{"line":10,"column":42},"end":{"line":10,"column":54}},"2":{"start":{"line":11,"column":30},"end":{"line":11,"column":42}},"3":{"start":{"line":12,"column":46},"end":{"line":12,"column":58}},"4":{"start":{"line":13,"column":40},"end":{"line":13,"column":52}},"5":{"start":{"line":14,"column":32},"end":{"line":14,"column":47}},"6":{"start":{"line":15,"column":28},"end":{"line":15,"column":42}},"7":{"start":{"line":16,"column":32},"end":{"line":16,"column":47}},"8":{"start":{"line":19,"column":26},"end":{"line":37,"column":3}},"9":{"start":{"line":39,"column":26},"end":{"line":42,"column":3}},"10":{"start":{"line":40,"column":20},"end":{"line":40,"column":42}},"11":{"start":{"line":41,"column":4},"end":{"line":41,"column":63}},"12":{"start":{"line":44,"column":23},"end":{"line":98,"column":3}},"13":{"start":{"line":45,"column":4},"end":{"line":45,"column":23}},"14":{"start":{"line":53,"column":29},"end":{"line":62,"column":5}},"15":{"start":{"line":64,"column":4},"end":{"line":70,"column":6}},"16":{"start":{"line":72,"column":28},"end":{"line":72,"column":44}},"17":{"start":{"line":73,"column":4},"end":{"line":73,"column":59}},"18":{"start":{"line":75,"column":4},"end":{"line":95,"column":5}},"19":{"start":{"line":76,"column":6},"end":{"line":76,"column":23}},"20":{"start":{"line":77,"column":6},"end":{"line":77,"column":21}},"21":{"start":{"line":78,"column":6},"end":{"line":78,"column":24}},"22":{"start":{"line":80,"column":21},"end":{"line":86,"column":8}},"23":{"start":{"line":88,"column":6},"end":{"line":88,"column":59}},"24":{"start":{"line":89,"column":6},"end":{"line":89,"column":23}},"25":{"start":{"line":91,"column":6},"end":{"line":91,"column":54}},"26":{"start":{"line":92,"column":6},"end":{"line":92,"column":67}},"27":{"start":{"line":94,"column":6},"end":{"line":94,"column":24}},"28":{"start":{"line":97,"column":4},"end":{"line":97,"column":14}},"29":{"start":{"line":101,"column":2},"end":{"line":228,"column":4}},"30":{"start":{"line":119,"column":31},"end":{"line":119,"column":57}},"31":{"start":{"line":142,"column":31},"end":{"line":142,"column":62}},"32":{"start":{"line":170,"column":31},"end":{"line":170,"column":56}},"33":{"start":{"line":188,"column":31},"end":{"line":188,"column":64}},"34":{"start":{"line":207,"column":31},"end":{"line":207,"column":61}}},"fnMap":{"0":{"name":"PreferenceModal","decl":{"start":{"line":8,"column":9},"end":{"line":8,"column":24}},"loc":{"start":{"line":8,"column":38},"end":{"line":229,"column":1}},"line":8},"1":{"name":"(anonymous_1)","decl":{"start":{"line":39,"column":26},"end":{"line":39,"column":27}},"loc":{"start":{"line":39,"column":37},"end":{"line":42,"column":3}},"line":39},"2":{"name":"(anonymous_2)","decl":{"start":{"line":44,"column":23},"end":{"line":44,"column":24}},"loc":{"start":{"line":44,"column":36},"end":{"line":98,"column":3}},"line":44},"3":{"name":"(anonymous_3)","decl":{"start":{"line":119,"column":24},"end":{"line":119,"column":25}},"loc":{"start":{"line":119,"column":31},"end":{"line":119,"column":57}},"line":119},"4":{"name":"(anonymous_4)","decl":{"start":{"line":142,"column":24},"end":{"line":142,"column":25}},"loc":{"start":{"line":142,"column":31},"end":{"line":142,"column":62}},"line":142},"5":{"name":"(anonymous_5)","decl":{"start":{"line":170,"column":24},"end":{"line":170,"column":25}},"loc":{"start":{"line":170,"column":31},"end":{"line":170,"column":56}},"line":170},"6":{"name":"(anonymous_6)","decl":{"start":{"line":188,"column":24},"end":{"line":188,"column":25}},"loc":{"start":{"line":188,"column":31},"end":{"line":188,"column":64}},"line":188},"7":{"name":"(anonymous_7)","decl":{"start":{"line":207,"column":24},"end":{"line":207,"column":25}},"loc":{"start":{"line":207,"column":31},"end":{"line":207,"column":61}},"line":207}},"branchMap":{"0":{"loc":{"start":{"line":54,"column":15},"end":{"line":54,"column":76}},"type":"cond-expr","locations":[{"start":{"line":54,"column":40},"end":{"line":54,"column":66}},{"start":{"line":54,"column":69},"end":{"line":54,"column":76}}],"line":54},"1":{"loc":{"start":{"line":56,"column":8},"end":{"line":58,"column":24}},"type":"cond-expr","locations":[{"start":{"line":57,"column":12},"end":{"line":57,"column":43}},{"start":{"line":58,"column":12},"end":{"line":58,"column":24}}],"line":56},"2":{"loc":{"start":{"line":218,"column":13},"end":{"line":218,"column":61}},"type":"cond-expr","locations":[{"start":{"line":218,"column":23},"end":{"line":218,"column":38}},{"start":{"line":218,"column":41},"end":{"line":218,"column":61}}],"line":218},"3":{"loc":{"start":{"line":222,"column":9},"end":{"line":222,"column":57}},"type":"binary-expr","locations":[{"start":{"line":222,"column":9},"end":{"line":222,"column":14}},{"start":{"line":222,"column":18},"end":{"line":222,"column":57}}],"line":222},"4":{"loc":{"start":{"line":223,"column":9},"end":{"line":225,"column":9}},"type":"binary-expr","locations":[{"start":{"line":223,"column":9},"end":{"line":223,"column":16}},{"start":{"line":224,"column":10},"end":{"line":224,"column":79}}],"line":223}},"s":{"0":10,"1":10,"2":10,"3":10,"4":10,"5":10,"6":10,"7":10,"8":10,"9":10,"10":0,"11":0,"12":10,"13":1,"14":1,"15":1,"16":1,"17":1,"18":1,"19":1,"20":1,"21":1,"22":1,"23":1,"24":1,"25":0,"26":0,"27":1,"28":1,"29":10,"30":1,"31":1,"32":1,"33":1,"34":1},"f":{"0":10,"1":0,"2":1,"3":1,"4":1,"5":1,"6":1,"7":1},"b":{"0":[0,1],"1":[0,1],"2":[1,9],"3":[10,0],"4":[10,1]},"_coverageSchema":"1a1c01bbd47fc00a2c39e90264f33305004495a9","hash":"37df0ad9099b1547659b49346aadfa523c48c11a"}
,"C:\\Users\\Steve\\Dropbox\\My PC (DESKTOP-R6I1S2M)\\Documents\\Software Engineering\\WhichWay Repo\\whichway\\src\\components\\Createtrip-Components\\TripInputField.jsx": {"path":"C:\\Users\\Steve\\Dropbox\\My PC (DESKTOP-R6I1S2M)\\Documents\\Software Engineering\\WhichWay Repo\\whichway\\src\\components\\Createtrip-Components\\TripInputField.jsx","statementMap":{"0":{"start":{"line":8,"column":23},"end":{"line":21,"column":1}},"1":{"start":{"line":9,"column":2},"end":{"line":20,"column":4}}},"fnMap":{"0":{"name":"(anonymous_0)","decl":{"start":{"line":8,"column":23},"end":{"line":8,"column":24}},"loc":{"start":{"line":8,"column":73},"end":{"line":21,"column":1}},"line":8}},"branchMap":{},"s":{"0":1,"1":1},"f":{"0":1},"b":{},"_coverageSchema":"1a1c01bbd47fc00a2c39e90264f33305004495a9","hash":"a9afbe744392dc6e58d87d01440791b91c6e2890"}
,"C:\\Users\\Steve\\Dropbox\\My PC (DESKTOP-R6I1S2M)\\Documents\\Software Engineering\\WhichWay Repo\\whichway\\src\\components\\Homepage-Components\\ErrorBoundary.jsx": {"path":"C:\\Users\\Steve\\Dropbox\\My PC (DESKTOP-R6I1S2M)\\Documents\\Software Engineering\\WhichWay Repo\\whichway\\src\\components\\Homepage-Components\\ErrorBoundary.jsx","statementMap":{"0":{"start":{"line":9,"column":4},"end":{"line":9,"column":17}},"1":{"start":{"line":10,"column":4},"end":{"line":10,"column":37}},"2":{"start":{"line":14,"column":4},"end":{"line":14,"column":30}},"3":{"start":{"line":19,"column":4},"end":{"line":19,"column":69}},"4":{"start":{"line":23,"column":4},"end":{"line":25,"column":5}},"5":{"start":{"line":24,"column":6},"end":{"line":24,"column":44}},"6":{"start":{"line":27,"column":4},"end":{"line":27,"column":31}}},"fnMap":{"0":{"name":"(anonymous_0)","decl":{"start":{"line":8,"column":2},"end":{"line":8,"column":3}},"loc":{"start":{"line":8,"column":21},"end":{"line":11,"column":3}},"line":8},"1":{"name":"(anonymous_1)","decl":{"start":{"line":13,"column":2},"end":{"line":13,"column":3}},"loc":{"start":{"line":13,"column":41},"end":{"line":15,"column":3}},"line":13},"2":{"name":"(anonymous_2)","decl":{"start":{"line":17,"column":2},"end":{"line":17,"column":3}},"loc":{"start":{"line":17,"column":38},"end":{"line":20,"column":3}},"line":17},"3":{"name":"(anonymous_3)","decl":{"start":{"line":22,"column":2},"end":{"line":22,"column":3}},"loc":{"start":{"line":22,"column":11},"end":{"line":28,"column":3}},"line":22}},"branchMap":{"0":{"loc":{"start":{"line":23,"column":4},"end":{"line":25,"column":5}},"type":"if","locations":[{"start":{"line":23,"column":4},"end":{"line":25,"column":5}},{"start":{},"end":{}}],"line":23}},"s":{"0":8,"1":8,"2":0,"3":0,"4":17,"5":0,"6":17},"f":{"0":8,"1":0,"2":0,"3":17},"b":{"0":[0,17]},"_coverageSchema":"1a1c01bbd47fc00a2c39e90264f33305004495a9","hash":"d27d72b13195fbabaa3ec55e39ffca78d890b107"}
,"C:\\Users\\Steve\\Dropbox\\My PC (DESKTOP-R6I1S2M)\\Documents\\Software Engineering\\WhichWay Repo\\whichway\\src\\components\\Homepage-Components\\Sidebar.jsx": {"path":"C:\\Users\\Steve\\Dropbox\\My PC (DESKTOP-R6I1S2M)\\Documents\\Software Engineering\\WhichWay Repo\\whichway\\src\\components\\Homepage-Components\\Sidebar.jsx","statementMap":{"0":{"start":{"line":8,"column":20},"end":{"line":8,"column":22}},"1":{"start":{"line":9,"column":19},"end":{"line":9,"column":32}},"2":{"start":{"line":11,"column":2},"end":{"line":15,"column":3}},"3":{"start":{"line":12,"column":4},"end":{"line":12,"column":41}},"4":{"start":{"line":14,"column":4},"end":{"line":14,"column":56}},"5":{"start":{"line":18,"column":32},"end":{"line":24,"column":3}},"6":{"start":{"line":20,"column":4},"end":{"line":20,"column":39}},"7":{"start":{"line":23,"column":4},"end":{"line":23,"column":28}},"8":{"start":{"line":26,"column":2},"end":{"line":54,"column":4}},"9":{"start":{"line":31,"column":12},"end":{"line":49,"column":14}},"10":{"start":{"line":37,"column":18},"end":{"line":43,"column":19}},"11":{"start":{"line":38,"column":20},"end":{"line":38,"column":44}},"12":{"start":{"line":39,"column":25},"end":{"line":43,"column":19}},"13":{"start":{"line":40,"column":20},"end":{"line":40,"column":34}},"14":{"start":{"line":42,"column":20},"end":{"line":42,"column":56}}},"fnMap":{"0":{"name":"Sidebar","decl":{"start":{"line":7,"column":9},"end":{"line":7,"column":16}},"loc":{"start":{"line":7,"column":29},"end":{"line":55,"column":1}},"line":7},"1":{"name":"(anonymous_1)","decl":{"start":{"line":18,"column":32},"end":{"line":18,"column":33}},"loc":{"start":{"line":18,"column":38},"end":{"line":24,"column":3}},"line":18},"2":{"name":"(anonymous_2)","decl":{"start":{"line":30,"column":27},"end":{"line":30,"column":28}},"loc":{"start":{"line":30,"column":41},"end":{"line":50,"column":11}},"line":30},"3":{"name":"(anonymous_3)","decl":{"start":{"line":36,"column":25},"end":{"line":36,"column":26}},"loc":{"start":{"line":36,"column":31},"end":{"line":44,"column":17}},"line":36}},"branchMap":{"0":{"loc":{"start":{"line":35,"column":20},"end":{"line":35,"column":73}},"type":"cond-expr","locations":[{"start":{"line":35,"column":60},"end":{"line":35,"column":68}},{"start":{"line":35,"column":71},"end":{"line":35,"column":73}}],"line":35},"1":{"loc":{"start":{"line":37,"column":18},"end":{"line":43,"column":19}},"type":"if","locations":[{"start":{"line":37,"column":18},"end":{"line":43,"column":19}},{"start":{"line":39,"column":25},"end":{"line":43,"column":19}}],"line":37},"2":{"loc":{"start":{"line":39,"column":25},"end":{"line":43,"column":19}},"type":"if","locations":[{"start":{"line":39,"column":25},"end":{"line":43,"column":19}},{"start":{"line":41,"column":25},"end":{"line":43,"column":19}}],"line":39}},"s":{"0":4,"1":4,"2":4,"3":4,"4":0,"5":4,"6":1,"7":1,"8":4,"9":12,"10":3,"11":1,"12":2,"13":1,"14":1},"f":{"0":4,"1":1,"2":12,"3":3},"b":{"0":[0,12],"1":[1,2],"2":[1,1]},"_coverageSchema":"1a1c01bbd47fc00a2c39e90264f33305004495a9","hash":"905430b723b5d756936ad1b74df9a46db081fccb"}
,"C:\\Users\\Steve\\Dropbox\\My PC (DESKTOP-R6I1S2M)\\Documents\\Software Engineering\\WhichWay Repo\\whichway\\src\\components\\Homepage-Components\\TriponHome.jsx": {"path":"C:\\Users\\Steve\\Dropbox\\My PC (DESKTOP-R6I1S2M)\\Documents\\Software Engineering\\WhichWay Repo\\whichway\\src\\components\\Homepage-Components\\TriponHome.jsx","statementMap":{"0":{"start":{"line":17,"column":18},"end":{"line":82,"column":1}},"1":{"start":{"line":26,"column":2},"end":{"line":81,"column":5}},"2":{"start":{"line":45,"column":16},"end":{"line":72,"column":21}},"3":{"start":{"line":47,"column":20},"end":{"line":53,"column":25}},"4":{"start":{"line":59,"column":39},"end":{"line":59,"column":51}},"5":{"start":{"line":66,"column":39},"end":{"line":66,"column":49}},"6":{"start":{"line":84,"column":22},"end":{"line":106,"column":1}},"7":{"start":{"line":85,"column":36},"end":{"line":85,"column":51}},"8":{"start":{"line":86,"column":36},"end":{"line":86,"column":51}},"9":{"start":{"line":88,"column":21},"end":{"line":93,"column":3}},"10":{"start":{"line":89,"column":4},"end":{"line":91,"column":5}},"11":{"start":{"line":90,"column":6},"end":{"line":90,"column":72}},"12":{"start":{"line":92,"column":4},"end":{"line":92,"column":24}},"13":{"start":{"line":95,"column":2},"end":{"line":105,"column":4}},"14":{"start":{"line":99,"column":23},"end":{"line":99,"column":51}},"15":{"start":{"line":104,"column":25},"end":{"line":104,"column":43}},"16":{"start":{"line":109,"column":28},"end":{"line":109,"column":40}},"17":{"start":{"line":110,"column":40},"end":{"line":114,"column":4}},"18":{"start":{"line":115,"column":30},"end":{"line":115,"column":44}},"19":{"start":{"line":116,"column":42},"end":{"line":116,"column":57}},"20":{"start":{"line":117,"column":34},"end":{"line":117,"column":49}},"21":{"start":{"line":118,"column":19},"end":{"line":118,"column":32}},"22":{"start":{"line":120,"column":2},"end":{"line":131,"column":9}},"23":{"start":{"line":121,"column":4},"end":{"line":130,"column":9}},"24":{"start":{"line":122,"column":24},"end":{"line":125,"column":7}},"25":{"start":{"line":126,"column":28},"end":{"line":126,"column":52}},"26":{"start":{"line":127,"column":6},"end":{"line":129,"column":8}},"27":{"start":{"line":128,"column":41},"end":{"line":128,"column":70}},"28":{"start":{"line":133,"column":28},"end":{"line":134,"column":58}},"29":{"start":{"line":134,"column":4},"end":{"line":134,"column":58}},"30":{"start":{"line":134,"column":30},"end":{"line":134,"column":56}},"31":{"start":{"line":136,"column":21},"end":{"line":154,"column":3}},"32":{"start":{"line":137,"column":4},"end":{"line":144,"column":5}},"33":{"start":{"line":142,"column":6},"end":{"line":142,"column":52}},"34":{"start":{"line":143,"column":6},"end":{"line":143,"column":13}},"35":{"start":{"line":146,"column":4},"end":{"line":151,"column":5}},"36":{"start":{"line":147,"column":6},"end":{"line":147,"column":61}},"37":{"start":{"line":149,"column":21},"end":{"line":149,"column":71}},"38":{"start":{"line":150,"column":6},"end":{"line":150,"column":71}},"39":{"start":{"line":150,"column":25},"end":{"line":150,"column":69}},"40":{"start":{"line":152,"column":4},"end":{"line":152,"column":20}},"41":{"start":{"line":153,"column":4},"end":{"line":153,"column":60}},"42":{"start":{"line":156,"column":23},"end":{"line":159,"column":3}},"43":{"start":{"line":157,"column":4},"end":{"line":157,"column":42}},"44":{"start":{"line":158,"column":4},"end":{"line":158,"column":62}},"45":{"start":{"line":158,"column":23},"end":{"line":158,"column":60}},"46":{"start":{"line":158,"column":45},"end":{"line":158,"column":59}},"47":{"start":{"line":161,"column":24},"end":{"line":163,"column":3}},"48":{"start":{"line":162,"column":18},"end":{"line":162,"column":64}},"49":{"start":{"line":164,"column":20},"end":{"line":166,"column":3}},"50":{"start":{"line":165,"column":18},"end":{"line":165,"column":63}},"51":{"start":{"line":168,"column":2},"end":{"line":206,"column":4}},"52":{"start":{"line":177,"column":30},"end":{"line":177,"column":60}},"53":{"start":{"line":184,"column":30},"end":{"line":184,"column":52}},"54":{"start":{"line":190,"column":14},"end":{"line":197,"column":16}}},"fnMap":{"0":{"name":"(anonymous_0)","decl":{"start":{"line":17,"column":18},"end":{"line":17,"column":19}},"loc":{"start":{"line":26,"column":2},"end":{"line":81,"column":5}},"line":26},"1":{"name":"(anonymous_1)","decl":{"start":{"line":44,"column":25},"end":{"line":44,"column":26}},"loc":{"start":{"line":45,"column":16},"end":{"line":72,"column":21}},"line":45},"2":{"name":"(anonymous_2)","decl":{"start":{"line":46,"column":55},"end":{"line":46,"column":56}},"loc":{"start":{"line":47,"column":20},"end":{"line":53,"column":25}},"line":47},"3":{"name":"(anonymous_3)","decl":{"start":{"line":59,"column":33},"end":{"line":59,"column":34}},"loc":{"start":{"line":59,"column":39},"end":{"line":59,"column":51}},"line":59},"4":{"name":"(anonymous_4)","decl":{"start":{"line":66,"column":33},"end":{"line":66,"column":34}},"loc":{"start":{"line":66,"column":39},"end":{"line":66,"column":49}},"line":66},"5":{"name":"(anonymous_5)","decl":{"start":{"line":84,"column":22},"end":{"line":84,"column":23}},"loc":{"start":{"line":84,"column":52},"end":{"line":106,"column":1}},"line":84},"6":{"name":"(anonymous_6)","decl":{"start":{"line":88,"column":21},"end":{"line":88,"column":22}},"loc":{"start":{"line":88,"column":33},"end":{"line":93,"column":3}},"line":88},"7":{"name":"(anonymous_7)","decl":{"start":{"line":99,"column":16},"end":{"line":99,"column":17}},"loc":{"start":{"line":99,"column":23},"end":{"line":99,"column":51}},"line":99},"8":{"name":"(anonymous_8)","decl":{"start":{"line":104,"column":19},"end":{"line":104,"column":20}},"loc":{"start":{"line":104,"column":25},"end":{"line":104,"column":43}},"line":104},"9":{"name":"TripManager","decl":{"start":{"line":108,"column":24},"end":{"line":108,"column":35}},"loc":{"start":{"line":108,"column":38},"end":{"line":207,"column":1}},"line":108},"10":{"name":"(anonymous_10)","decl":{"start":{"line":120,"column":12},"end":{"line":120,"column":13}},"loc":{"start":{"line":120,"column":18},"end":{"line":131,"column":3}},"line":120},"11":{"name":"(anonymous_11)","decl":{"start":{"line":121,"column":5},"end":{"line":121,"column":6}},"loc":{"start":{"line":121,"column":17},"end":{"line":130,"column":5}},"line":121},"12":{"name":"(anonymous_12)","decl":{"start":{"line":128,"column":31},"end":{"line":128,"column":32}},"loc":{"start":{"line":128,"column":41},"end":{"line":128,"column":70}},"line":128},"13":{"name":"(anonymous_13)","decl":{"start":{"line":133,"column":28},"end":{"line":133,"column":29}},"loc":{"start":{"line":134,"column":4},"end":{"line":134,"column":58}},"line":134},"14":{"name":"(anonymous_14)","decl":{"start":{"line":134,"column":19},"end":{"line":134,"column":20}},"loc":{"start":{"line":134,"column":30},"end":{"line":134,"column":56}},"line":134},"15":{"name":"(anonymous_15)","decl":{"start":{"line":136,"column":21},"end":{"line":136,"column":22}},"loc":{"start":{"line":136,"column":33},"end":{"line":154,"column":3}},"line":136},"16":{"name":"(anonymous_16)","decl":{"start":{"line":150,"column":15},"end":{"line":150,"column":16}},"loc":{"start":{"line":150,"column":25},"end":{"line":150,"column":69}},"line":150},"17":{"name":"(anonymous_17)","decl":{"start":{"line":156,"column":23},"end":{"line":156,"column":24}},"loc":{"start":{"line":156,"column":37},"end":{"line":159,"column":3}},"line":156},"18":{"name":"(anonymous_18)","decl":{"start":{"line":158,"column":13},"end":{"line":158,"column":14}},"loc":{"start":{"line":158,"column":23},"end":{"line":158,"column":60}},"line":158},"19":{"name":"(anonymous_19)","decl":{"start":{"line":158,"column":35},"end":{"line":158,"column":36}},"loc":{"start":{"line":158,"column":45},"end":{"line":158,"column":59}},"line":158},"20":{"name":"(anonymous_20)","decl":{"start":{"line":162,"column":4},"end":{"line":162,"column":5}},"loc":{"start":{"line":162,"column":18},"end":{"line":162,"column":64}},"line":162},"21":{"name":"(anonymous_21)","decl":{"start":{"line":165,"column":4},"end":{"line":165,"column":5}},"loc":{"start":{"line":165,"column":18},"end":{"line":165,"column":63}},"line":165},"22":{"name":"(anonymous_22)","decl":{"start":{"line":177,"column":24},"end":{"line":177,"column":25}},"loc":{"start":{"line":177,"column":30},"end":{"line":177,"column":60}},"line":177},"23":{"name":"(anonymous_23)","decl":{"start":{"line":184,"column":24},"end":{"line":184,"column":25}},"loc":{"start":{"line":184,"column":30},"end":{"line":184,"column":52}},"line":184},"24":{"name":"(anonymous_24)","decl":{"start":{"line":189,"column":49},"end":{"line":189,"column":50}},"loc":{"start":{"line":190,"column":14},"end":{"line":197,"column":16}},"line":190}},"branchMap":{"0":{"loc":{"start":{"line":28,"column":7},"end":{"line":28,"column":47}},"type":"cond-expr","locations":[{"start":{"line":28,"column":14},"end":{"line":28,"column":29}},{"start":{"line":28,"column":32},"end":{"line":28,"column":47}}],"line":28},"1":{"loc":{"start":{"line":30,"column":5},"end":{"line":80,"column":5}},"type":"binary-expr","locations":[{"start":{"line":30,"column":5},"end":{"line":30,"column":10}},{"start":{"line":31,"column":6},"end":{"line":79,"column":12}}],"line":30},"2":{"loc":{"start":{"line":33,"column":9},"end":{"line":78,"column":9}},"type":"cond-expr","locations":[{"start":{"line":34,"column":10},"end":{"line":75,"column":18}},{"start":{"line":77,"column":10},"end":{"line":77,"column":77}}],"line":33},"3":{"loc":{"start":{"line":56,"column":21},"end":{"line":70,"column":21}},"type":"cond-expr","locations":[{"start":{"line":57,"column":22},"end":{"line":62,"column":31}},{"start":{"line":64,"column":22},"end":{"line":69,"column":31}}],"line":56},"4":{"loc":{"start":{"line":89,"column":4},"end":{"line":91,"column":5}},"type":"if","locations":[{"start":{"line":89,"column":4},"end":{"line":91,"column":5}},{"start":{},"end":{}}],"line":89},"5":{"loc":{"start":{"line":95,"column":9},"end":{"line":105,"column":3}},"type":"cond-expr","locations":[{"start":{"line":96,"column":4},"end":{"line":102,"column":6}},{"start":{"line":104,"column":4},"end":{"line":104,"column":63}}],"line":95},"6":{"loc":{"start":{"line":97,"column":12},"end":{"line":97,"column":46}},"type":"cond-expr","locations":[{"start":{"line":97,"column":31},"end":{"line":97,"column":37}},{"start":{"line":97,"column":40},"end":{"line":97,"column":46}}],"line":97},"7":{"loc":{"start":{"line":137,"column":4},"end":{"line":144,"column":5}},"type":"if","locations":[{"start":{"line":137,"column":4},"end":{"line":144,"column":5}},{"start":{},"end":{}}],"line":137},"8":{"loc":{"start":{"line":138,"column":6},"end":{"line":140,"column":37}},"type":"binary-expr","locations":[{"start":{"line":138,"column":6},"end":{"line":138,"column":30}},{"start":{"line":139,"column":6},"end":{"line":139,"column":23}},{"start":{"line":140,"column":6},"end":{"line":140,"column":37}}],"line":138},"9":{"loc":{"start":{"line":146,"column":4},"end":{"line":151,"column":5}},"type":"if","locations":[{"start":{"line":146,"column":4},"end":{"line":151,"column":5}},{"start":{"line":148,"column":11},"end":{"line":151,"column":5}}],"line":146},"10":{"loc":{"start":{"line":188,"column":32},"end":{"line":188,"column":65}},"type":"cond-expr","locations":[{"start":{"line":188,"column":41},"end":{"line":188,"column":52}},{"start":{"line":188,"column":55},"end":{"line":188,"column":65}}],"line":188},"11":{"loc":{"start":{"line":192,"column":22},"end":{"line":192,"column":56}},"type":"cond-expr","locations":[{"start":{"line":192,"column":41},"end":{"line":192,"column":47}},{"start":{"line":192,"column":50},"end":{"line":192,"column":56}}],"line":192},"12":{"loc":{"start":{"line":200,"column":15},"end":{"line":200,"column":43}},"type":"cond-expr","locations":[{"start":{"line":200,"column":24},"end":{"line":200,"column":30}},{"start":{"line":200,"column":33},"end":{"line":200,"column":43}}],"line":200}},"s":{"0":1,"1":26,"2":12,"3":36,"4":0,"5":0,"6":1,"7":38,"8":38,"9":38,"10":1,"11":1,"12":1,"13":38,"14":1,"15":1,"16":13,"17":13,"18":13,"19":13,"20":13,"21":13,"22":13,"23":4,"24":4,"25":4,"26":4,"27":8,"28":13,"29":3,"30":3,"31":13,"32":1,"33":0,"34":0,"35":1,"36":0,"37":1,"38":1,"39":1,"40":1,"41":1,"42":13,"43":0,"44":0,"45":0,"46":0,"47":13,"48":13,"49":13,"50":13,"51":13,"52":2,"53":0,"54":39},"f":{"0":26,"1":12,"2":36,"3":0,"4":0,"5":38,"6":1,"7":1,"8":1,"9":13,"10":4,"11":4,"12":8,"13":3,"14":3,"15":1,"16":1,"17":0,"18":0,"19":0,"20":13,"21":13,"22":2,"23":0,"24":39},"b":{"0":[1,25],"1":[26,25],"2":[11,14],"3":[6,6],"4":[1,0],"5":[2,36],"6":[0,2],"7":[0,1],"8":[1,1,1],"9":[0,1],"10":[0,13],"11":[13,26],"12":[0,13]},"_coverageSchema":"1a1c01bbd47fc00a2c39e90264f33305004495a9","hash":"f64b766785f1e4ac6cf343294943f97f239f8ea3"}
,"C:\\Users\\Steve\\Dropbox\\My PC (DESKTOP-R6I1S2M)\\Documents\\Software Engineering\\WhichWay Repo\\whichway\\src\\components\\Landing-Components\\NavigationBar.jsx": {"path":"C:\\Users\\Steve\\Dropbox\\My PC (DESKTOP-R6I1S2M)\\Documents\\Software Engineering\\WhichWay Repo\\whichway\\src\\components\\Landing-Components\\NavigationBar.jsx","statementMap":{"0":{"start":{"line":6,"column":2},"end":{"line":19,"column":4}}},"fnMap":{"0":{"name":"NavigationBar","decl":{"start":{"line":5,"column":9},"end":{"line":5,"column":22}},"loc":{"start":{"line":5,"column":25},"end":{"line":20,"column":1}},"line":5}},"branchMap":{},"s":{"0":10},"f":{"0":10},"b":{},"_coverageSchema":"1a1c01bbd47fc00a2c39e90264f33305004495a9","hash":"89cd575565b421e6e62268580267332b532cb41d"}
,"C:\\Users\\Steve\\Dropbox\\My PC (DESKTOP-R6I1S2M)\\Documents\\Software Engineering\\WhichWay Repo\\whichway\\src\\components\\Login-Components\\ForgotPassword.jsx": {"path":"C:\\Users\\Steve\\Dropbox\\My PC (DESKTOP-R6I1S2M)\\Documents\\Software Engineering\\WhichWay Repo\\whichway\\src\\components\\Login-Components\\ForgotPassword.jsx","statementMap":{"0":{"start":{"line":9,"column":28},"end":{"line":9,"column":40}},"1":{"start":{"line":11,"column":22},"end":{"line":25,"column":3}},"2":{"start":{"line":12,"column":4},"end":{"line":12,"column":23}},"3":{"start":{"line":14,"column":17},"end":{"line":14,"column":26}},"4":{"start":{"line":15,"column":4},"end":{"line":24,"column":9}},"5":{"start":{"line":17,"column":8},"end":{"line":17,"column":28}},"6":{"start":{"line":18,"column":8},"end":{"line":18,"column":40}},"7":{"start":{"line":21,"column":26},"end":{"line":21,"column":36}},"8":{"start":{"line":22,"column":29},"end":{"line":22,"column":42}},"9":{"start":{"line":23,"column":8},"end":{"line":23,"column":28}},"10":{"start":{"line":26,"column":2},"end":{"line":45,"column":4}},"11":{"start":{"line":37,"column":31},"end":{"line":37,"column":55}}},"fnMap":{"0":{"name":"ForgotPassword","decl":{"start":{"line":8,"column":9},"end":{"line":8,"column":23}},"loc":{"start":{"line":8,"column":26},"end":{"line":46,"column":1}},"line":8},"1":{"name":"(anonymous_1)","decl":{"start":{"line":11,"column":22},"end":{"line":11,"column":23}},"loc":{"start":{"line":11,"column":35},"end":{"line":25,"column":3}},"line":11},"2":{"name":"(anonymous_2)","decl":{"start":{"line":16,"column":12},"end":{"line":16,"column":13}},"loc":{"start":{"line":16,"column":18},"end":{"line":19,"column":7}},"line":16},"3":{"name":"(anonymous_3)","decl":{"start":{"line":20,"column":13},"end":{"line":20,"column":14}},"loc":{"start":{"line":20,"column":24},"end":{"line":24,"column":7}},"line":20},"4":{"name":"(anonymous_4)","decl":{"start":{"line":37,"column":24},"end":{"line":37,"column":25}},"loc":{"start":{"line":37,"column":31},"end":{"line":37,"column":55}},"line":37}},"branchMap":{},"s":{"0":7,"1":7,"2":2,"3":2,"4":2,"5":1,"6":1,"7":1,"8":1,"9":1,"10":7,"11":3},"f":{"0":7,"1":2,"2":1,"3":1,"4":3},"b":{},"_coverageSchema":"1a1c01bbd47fc00a2c39e90264f33305004495a9","hash":"19a082e08c1b24c650fd244fca2a5e35d2d3cc66"}
,"C:\\Users\\Steve\\Dropbox\\My PC (DESKTOP-R6I1S2M)\\Documents\\Software Engineering\\WhichWay Repo\\whichway\\src\\components\\Login-Components\\InputField.jsx": {"path":"C:\\Users\\Steve\\Dropbox\\My PC (DESKTOP-R6I1S2M)\\Documents\\Software Engineering\\WhichWay Repo\\whichway\\src\\components\\Login-Components\\InputField.jsx","statementMap":{"0":{"start":{"line":4,"column":19},"end":{"line":18,"column":1}},"1":{"start":{"line":5,"column":2},"end":{"line":17,"column":4}}},"fnMap":{"0":{"name":"(anonymous_0)","decl":{"start":{"line":4,"column":19},"end":{"line":4,"column":20}},"loc":{"start":{"line":4,"column":56},"end":{"line":18,"column":1}},"line":4}},"branchMap":{},"s":{"0":2,"1":10},"f":{"0":10},"b":{},"_coverageSchema":"1a1c01bbd47fc00a2c39e90264f33305004495a9","hash":"d9909d1bf65c06660fb56c71dcf493819f6f3292"}
,"C:\\Users\\Steve\\Dropbox\\My PC (DESKTOP-R6I1S2M)\\Documents\\Software Engineering\\WhichWay Repo\\whichway\\src\\components\\Login-Components\\Login.jsx": {"path":"C:\\Users\\Steve\\Dropbox\\My PC (DESKTOP-R6I1S2M)\\Documents\\Software Engineering\\WhichWay Repo\\whichway\\src\\components\\Login-Components\\Login.jsx","statementMap":{"0":{"start":{"line":14,"column":28},"end":{"line":14,"column":40}},"1":{"start":{"line":15,"column":34},"end":{"line":15,"column":46}},"2":{"start":{"line":17,"column":22},"end":{"line":27,"column":3}},"3":{"start":{"line":18,"column":4},"end":{"line":18,"column":23}},"4":{"start":{"line":20,"column":4},"end":{"line":26,"column":5}},"5":{"start":{"line":21,"column":6},"end":{"line":21,"column":62}},"6":{"start":{"line":22,"column":6},"end":{"line":22,"column":37}},"7":{"start":{"line":24,"column":27},"end":{"line":24,"column":40}},"8":{"start":{"line":25,"column":6},"end":{"line":25,"column":26}},"9":{"start":{"line":29,"column":27},"end":{"line":36,"column":3}},"10":{"start":{"line":30,"column":4},"end":{"line":35,"column":5}},"11":{"start":{"line":31,"column":6},"end":{"line":31,"column":50}},"12":{"start":{"line":32,"column":6},"end":{"line":32,"column":37}},"13":{"start":{"line":34,"column":6},"end":{"line":34,"column":61}},"14":{"start":{"line":37,"column":2},"end":{"line":74,"column":4}},"15":{"start":{"line":53,"column":31},"end":{"line":53,"column":55}},"16":{"start":{"line":58,"column":31},"end":{"line":58,"column":58}}},"fnMap":{"0":{"name":"Login","decl":{"start":{"line":13,"column":9},"end":{"line":13,"column":14}},"loc":{"start":{"line":13,"column":17},"end":{"line":75,"column":1}},"line":13},"1":{"name":"(anonymous_1)","decl":{"start":{"line":17,"column":22},"end":{"line":17,"column":23}},"loc":{"start":{"line":17,"column":35},"end":{"line":27,"column":3}},"line":17},"2":{"name":"(anonymous_2)","decl":{"start":{"line":29,"column":27},"end":{"line":29,"column":28}},"loc":{"start":{"line":29,"column":39},"end":{"line":36,"column":3}},"line":29},"3":{"name":"(anonymous_3)","decl":{"start":{"line":53,"column":24},"end":{"line":53,"column":25}},"loc":{"start":{"line":53,"column":31},"end":{"line":53,"column":55}},"line":53},"4":{"name":"(anonymous_4)","decl":{"start":{"line":58,"column":24},"end":{"line":58,"column":25}},"loc":{"start":{"line":58,"column":31},"end":{"line":58,"column":58}},"line":58}},"branchMap":{},"s":{"0":12,"1":12,"2":12,"3":2,"4":2,"5":2,"6":1,"7":1,"8":1,"9":12,"10":2,"11":2,"12":1,"13":1,"14":12,"15":3,"16":3},"f":{"0":12,"1":2,"2":2,"3":3,"4":3},"b":{},"_coverageSchema":"1a1c01bbd47fc00a2c39e90264f33305004495a9","hash":"25a390c3503bc6698219c7f8454bb6acdaa10617"}
,"C:\\Users\\Steve\\Dropbox\\My PC (DESKTOP-R6I1S2M)\\Documents\\Software Engineering\\WhichWay Repo\\whichway\\src\\components\\Login-Components\\LoginButton.jsx": {"path":"C:\\Users\\Steve\\Dropbox\\My PC (DESKTOP-R6I1S2M)\\Documents\\Software Engineering\\WhichWay Repo\\whichway\\src\\components\\Login-Components\\LoginButton.jsx","statementMap":{"0":{"start":{"line":3,"column":20},"end":{"line":9,"column":1}},"1":{"start":{"line":4,"column":2},"end":{"line":8,"column":4}}},"fnMap":{"0":{"name":"(anonymous_0)","decl":{"start":{"line":3,"column":20},"end":{"line":3,"column":21}},"loc":{"start":{"line":3,"column":34},"end":{"line":9,"column":1}},"line":3}},"branchMap":{},"s":{"0":2,"1":10},"f":{"0":10},"b":{},"_coverageSchema":"1a1c01bbd47fc00a2c39e90264f33305004495a9","hash":"bc212261dc6e74adc49ca9195c9813d341763b11"}
,"C:\\Users\\Steve\\Dropbox\\My PC (DESKTOP-R6I1S2M)\\Documents\\Software Engineering\\WhichWay Repo\\whichway\\src\\components\\Login-Components\\SocialLogin.jsx": {"path":"C:\\Users\\Steve\\Dropbox\\My PC (DESKTOP-R6I1S2M)\\Documents\\Software Engineering\\WhichWay Repo\\whichway\\src\\components\\Login-Components\\SocialLogin.jsx","statementMap":{"0":{"start":{"line":5,"column":20},"end":{"line":14,"column":1}},"1":{"start":{"line":6,"column":2},"end":{"line":13,"column":4}},"2":{"start":{"line":8,"column":55},"end":{"line":8,"column":64}}},"fnMap":{"0":{"name":"(anonymous_0)","decl":{"start":{"line":5,"column":20},"end":{"line":5,"column":21}},"loc":{"start":{"line":5,"column":37},"end":{"line":14,"column":1}},"line":5},"1":{"name":"(anonymous_1)","decl":{"start":{"line":8,"column":49},"end":{"line":8,"column":50}},"loc":{"start":{"line":8,"column":55},"end":{"line":8,"column":64}},"line":8}},"branchMap":{},"s":{"0":1,"1":2,"2":1},"f":{"0":2,"1":1},"b":{},"_coverageSchema":"1a1c01bbd47fc00a2c39e90264f33305004495a9","hash":"92e682b1b52a756e6e57bbcea084de0cef99ec53"}
,"C:\\Users\\Steve\\Dropbox\\My PC (DESKTOP-R6I1S2M)\\Documents\\Software Engineering\\WhichWay Repo\\whichway\\src\\components\\api\\dataModel.js": {"path":"C:\\Users\\Steve\\Dropbox\\My PC (DESKTOP-R6I1S2M)\\Documents\\Software Engineering\\WhichWay Repo\\whichway\\src\\components\\api\\dataModel.js","statementMap":{"0":{"start":{"line":14,"column":34},"end":{"line":32,"column":1}},"1":{"start":{"line":15,"column":2},"end":{"line":31,"column":3}},"2":{"start":{"line":16,"column":20},"end":{"line":16,"column":46}},"3":{"start":{"line":17,"column":4},"end":{"line":27,"column":6}},"4":{"start":{"line":29,"column":4},"end":{"line":29,"column":58}},"5":{"start":{"line":30,"column":4},"end":{"line":30,"column":16}},"6":{"start":{"line":34,"column":39},"end":{"line":60,"column":1}},"7":{"start":{"line":35,"column":2},"end":{"line":35,"column":46}},"8":{"start":{"line":36,"column":2},"end":{"line":59,"column":3}},"9":{"start":{"line":37,"column":4},"end":{"line":37,"column":57}},"10":{"start":{"line":37,"column":17},"end":{"line":37,"column":57}},"11":{"start":{"line":38,"column":4},"end":{"line":38,"column":69}},"12":{"start":{"line":38,"column":24},"end":{"line":38,"column":69}},"13":{"start":{"line":40,"column":4},"end":{"line":40,"column":65}},"14":{"start":{"line":42,"column":32},"end":{"line":46,"column":5}},"15":{"start":{"line":48,"column":25},"end":{"line":48,"column":49}},"16":{"start":{"line":49,"column":4},"end":{"line":52,"column":7}},"17":{"start":{"line":53,"column":4},"end":{"line":53,"column":63}},"18":{"start":{"line":55,"column":4},"end":{"line":55,"column":27}},"19":{"start":{"line":57,"column":4},"end":{"line":57,"column":63}},"20":{"start":{"line":58,"column":4},"end":{"line":58,"column":16}},"21":{"start":{"line":63,"column":34},"end":{"line":98,"column":1}},"22":{"start":{"line":69,"column":2},"end":{"line":97,"column":3}},"23":{"start":{"line":71,"column":4},"end":{"line":71,"column":56}},"24":{"start":{"line":71,"column":17},"end":{"line":71,"column":56}},"25":{"start":{"line":72,"column":4},"end":{"line":72,"column":67}},"26":{"start":{"line":72,"column":22},"end":{"line":72,"column":67}},"27":{"start":{"line":75,"column":21},"end":{"line":87,"column":5}},"28":{"start":{"line":89,"column":4},"end":{"line":89,"column":54}},"29":{"start":{"line":91,"column":20},"end":{"line":91,"column":67}},"30":{"start":{"line":92,"column":4},"end":{"line":92,"column":53}},"31":{"start":{"line":93,"column":4},"end":{"line":93,"column":22}},"32":{"start":{"line":95,"column":4},"end":{"line":95,"column":58}},"33":{"start":{"line":96,"column":4},"end":{"line":96,"column":16}},"34":{"start":{"line":101,"column":29},"end":{"line":115,"column":1}},"35":{"start":{"line":102,"column":2},"end":{"line":114,"column":3}},"36":{"start":{"line":103,"column":4},"end":{"line":103,"column":56}},"37":{"start":{"line":103,"column":17},"end":{"line":103,"column":56}},"38":{"start":{"line":104,"column":4},"end":{"line":104,"column":56}},"39":{"start":{"line":104,"column":17},"end":{"line":104,"column":56}},"40":{"start":{"line":106,"column":20},"end":{"line":106,"column":44}},"41":{"start":{"line":107,"column":4},"end":{"line":109,"column":7}},"42":{"start":{"line":110,"column":4},"end":{"line":110,"column":59}},"43":{"start":{"line":112,"column":4},"end":{"line":112,"column":55}},"44":{"start":{"line":113,"column":4},"end":{"line":113,"column":16}},"45":{"start":{"line":118,"column":28},"end":{"line":183,"column":1}},"46":{"start":{"line":126,"column":2},"end":{"line":182,"column":3}},"47":{"start":{"line":127,"column":4},"end":{"line":127,"column":56}},"48":{"start":{"line":127,"column":17},"end":{"line":127,"column":56}},"49":{"start":{"line":128,"column":4},"end":{"line":128,"column":67}},"50":{"start":{"line":128,"column":22},"end":{"line":128,"column":67}},"51":{"start":{"line":130,"column":4},"end":{"line":136,"column":7}},"52":{"start":{"line":138,"column":21},"end":{"line":149,"column":5}},"53":{"start":{"line":151,"column":22},"end":{"line":151,"column":28}},"54":{"start":{"line":153,"column":4},"end":{"line":176,"column":5}},"55":{"start":{"line":155,"column":22},"end":{"line":155,"column":46}},"56":{"start":{"line":156,"column":6},"end":{"line":156,"column":76}},"57":{"start":{"line":157,"column":6},"end":{"line":157,"column":41}},"58":{"start":{"line":160,"column":6},"end":{"line":160,"column":57}},"59":{"start":{"line":161,"column":22},"end":{"line":164,"column":8}},"60":{"start":{"line":165,"column":6},"end":{"line":165,"column":31}},"61":{"start":{"line":168,"column":6},"end":{"line":170,"column":7}},"62":{"start":{"line":169,"column":8},"end":{"line":169,"column":31}},"63":{"start":{"line":172,"column":6},"end":{"line":172,"column":50}},"64":{"start":{"line":174,"column":6},"end":{"line":174,"column":75}},"65":{"start":{"line":175,"column":6},"end":{"line":175,"column":47}},"66":{"start":{"line":178,"column":4},"end":{"line":178,"column":23}},"67":{"start":{"line":180,"column":4},"end":{"line":180,"column":50}},"68":{"start":{"line":181,"column":4},"end":{"line":181,"column":16}},"69":{"start":{"line":186,"column":38},"end":{"line":245,"column":1}},"70":{"start":{"line":191,"column":2},"end":{"line":244,"column":3}},"71":{"start":{"line":192,"column":4},"end":{"line":192,"column":56}},"72":{"start":{"line":192,"column":17},"end":{"line":192,"column":56}},"73":{"start":{"line":193,"column":4},"end":{"line":194,"column":58}},"74":{"start":{"line":194,"column":6},"end":{"line":194,"column":58}},"75":{"start":{"line":196,"column":20},"end":{"line":196,"column":44}},"76":{"start":{"line":197,"column":20},"end":{"line":197,"column":41}},"77":{"start":{"line":198,"column":17},"end":{"line":198,"column":21}},"78":{"start":{"line":200,"column":4},"end":{"line":202,"column":5}},"79":{"start":{"line":201,"column":6},"end":{"line":201,"column":37}},"80":{"start":{"line":203,"column":4},"end":{"line":209,"column":5}},"81":{"start":{"line":204,"column":6},"end":{"line":206,"column":8}},"82":{"start":{"line":207,"column":19},"end":{"line":207,"column":56}},"83":{"start":{"line":208,"column":6},"end":{"line":208,"column":37}},"84":{"start":{"line":211,"column":4},"end":{"line":213,"column":5}},"85":{"start":{"line":212,"column":6},"end":{"line":212,"column":68}},"86":{"start":{"line":215,"column":26},"end":{"line":221,"column":5}},"87":{"start":{"line":223,"column":4},"end":{"line":223,"column":62}},"88":{"start":{"line":226,"column":25},"end":{"line":229,"column":5}},"89":{"start":{"line":232,"column":4},"end":{"line":235,"column":7}},"90":{"start":{"line":237,"column":4},"end":{"line":237,"column":54}},"91":{"start":{"line":239,"column":4},"end":{"line":239,"column":61}},"92":{"start":{"line":240,"column":4},"end":{"line":240,"column":27}},"93":{"start":{"line":242,"column":4},"end":{"line":242,"column":62}},"94":{"start":{"line":243,"column":4},"end":{"line":243,"column":16}},"95":{"start":{"line":247,"column":33},"end":{"line":262,"column":1}},"96":{"start":{"line":252,"column":2},"end":{"line":252,"column":40}},"97":{"start":{"line":253,"column":2},"end":{"line":261,"column":3}},"98":{"start":{"line":254,"column":4},"end":{"line":254,"column":56}},"99":{"start":{"line":254,"column":17},"end":{"line":254,"column":56}},"100":{"start":{"line":255,"column":4},"end":{"line":255,"column":69}},"101":{"start":{"line":255,"column":24},"end":{"line":255,"column":69}},"102":{"start":{"line":257,"column":4},"end":{"line":257,"column":73}},"103":{"start":{"line":259,"column":4},"end":{"line":259,"column":52}},"104":{"start":{"line":260,"column":4},"end":{"line":260,"column":16}},"105":{"start":{"line":264,"column":34},"end":{"line":301,"column":1}},"106":{"start":{"line":265,"column":2},"end":{"line":300,"column":3}},"107":{"start":{"line":266,"column":4},"end":{"line":266,"column":56}},"108":{"start":{"line":266,"column":17},"end":{"line":266,"column":56}},"109":{"start":{"line":267,"column":4},"end":{"line":267,"column":66}},"110":{"start":{"line":267,"column":22},"end":{"line":267,"column":66}},"111":{"start":{"line":268,"column":4},"end":{"line":268,"column":69}},"112":{"start":{"line":270,"column":20},"end":{"line":270,"column":44}},"113":{"start":{"line":271,"column":20},"end":{"line":271,"column":41}},"114":{"start":{"line":273,"column":21},"end":{"line":273,"column":35}},"115":{"start":{"line":274,"column":4},"end":{"line":291,"column":5}},"116":{"start":{"line":275,"column":6},"end":{"line":277,"column":8}},"117":{"start":{"line":279,"column":6},"end":{"line":285,"column":8}},"118":{"start":{"line":288,"column":6},"end":{"line":290,"column":9}},"119":{"start":{"line":293,"column":4},"end":{"line":295,"column":6}},"120":{"start":{"line":296,"column":4},"end":{"line":296,"column":16}},"121":{"start":{"line":298,"column":4},"end":{"line":298,"column":60}},"122":{"start":{"line":299,"column":4},"end":{"line":299,"column":16}}},"fnMap":{"0":{"name":"(anonymous_0)","decl":{"start":{"line":14,"column":34},"end":{"line":14,"column":35}},"loc":{"start":{"line":14,"column":50},"end":{"line":32,"column":1}},"line":14},"1":{"name":"(anonymous_1)","decl":{"start":{"line":34,"column":39},"end":{"line":34,"column":40}},"loc":{"start":{"line":34,"column":72},"end":{"line":60,"column":1}},"line":34},"2":{"name":"(anonymous_2)","decl":{"start":{"line":63,"column":34},"end":{"line":63,"column":35}},"loc":{"start":{"line":68,"column":5},"end":{"line":98,"column":1}},"line":68},"3":{"name":"(anonymous_3)","decl":{"start":{"line":101,"column":29},"end":{"line":101,"column":30}},"loc":{"start":{"line":101,"column":55},"end":{"line":115,"column":1}},"line":101},"4":{"name":"(anonymous_4)","decl":{"start":{"line":118,"column":28},"end":{"line":118,"column":29}},"loc":{"start":{"line":125,"column":5},"end":{"line":183,"column":1}},"line":125},"5":{"name":"(anonymous_5)","decl":{"start":{"line":186,"column":38},"end":{"line":186,"column":39}},"loc":{"start":{"line":190,"column":5},"end":{"line":245,"column":1}},"line":190},"6":{"name":"(anonymous_6)","decl":{"start":{"line":247,"column":33},"end":{"line":247,"column":34}},"loc":{"start":{"line":251,"column":5},"end":{"line":262,"column":1}},"line":251},"7":{"name":"(anonymous_7)","decl":{"start":{"line":264,"column":34},"end":{"line":264,"column":35}},"loc":{"start":{"line":264,"column":65},"end":{"line":301,"column":1}},"line":264}},"branchMap":{"0":{"loc":{"start":{"line":21,"column":19},"end":{"line":21,"column":39}},"type":"binary-expr","locations":[{"start":{"line":21,"column":19},"end":{"line":21,"column":33}},{"start":{"line":21,"column":37},"end":{"line":21,"column":39}}],"line":21},"1":{"loc":{"start":{"line":22,"column":18},"end":{"line":22,"column":37}},"type":"binary-expr","locations":[{"start":{"line":22,"column":18},"end":{"line":22,"column":31}},{"start":{"line":22,"column":35},"end":{"line":22,"column":37}}],"line":22},"2":{"loc":{"start":{"line":37,"column":4},"end":{"line":37,"column":57}},"type":"if","locations":[{"start":{"line":37,"column":4},"end":{"line":37,"column":57}},{"start":{},"end":{}}],"line":37},"3":{"loc":{"start":{"line":38,"column":4},"end":{"line":38,"column":69}},"type":"if","locations":[{"start":{"line":38,"column":4},"end":{"line":38,"column":69}},{"start":{},"end":{}}],"line":38},"4":{"loc":{"start":{"line":71,"column":4},"end":{"line":71,"column":56}},"type":"if","locations":[{"start":{"line":71,"column":4},"end":{"line":71,"column":56}},{"start":{},"end":{}}],"line":71},"5":{"loc":{"start":{"line":72,"column":4},"end":{"line":72,"column":67}},"type":"if","locations":[{"start":{"line":72,"column":4},"end":{"line":72,"column":67}},{"start":{},"end":{}}],"line":72},"6":{"loc":{"start":{"line":77,"column":12},"end":{"line":77,"column":46}},"type":"binary-expr","locations":[{"start":{"line":77,"column":12},"end":{"line":77,"column":28}},{"start":{"line":77,"column":32},"end":{"line":77,"column":46}}],"line":77},"7":{"loc":{"start":{"line":78,"column":19},"end":{"line":78,"column":62}},"type":"binary-expr","locations":[{"start":{"line":78,"column":19},"end":{"line":78,"column":42}},{"start":{"line":78,"column":46},"end":{"line":78,"column":62}}],"line":78},"8":{"loc":{"start":{"line":79,"column":16},"end":{"line":79,"column":54}},"type":"binary-expr","locations":[{"start":{"line":79,"column":16},"end":{"line":79,"column":24}},{"start":{"line":79,"column":28},"end":{"line":79,"column":48}},{"start":{"line":79,"column":52},"end":{"line":79,"column":54}}],"line":79},"9":{"loc":{"start":{"line":80,"column":17},"end":{"line":80,"column":44}},"type":"binary-expr","locations":[{"start":{"line":80,"column":17},"end":{"line":80,"column":38}},{"start":{"line":80,"column":42},"end":{"line":80,"column":44}}],"line":80},"10":{"loc":{"start":{"line":81,"column":15},"end":{"line":81,"column":40}},"type":"binary-expr","locations":[{"start":{"line":81,"column":15},"end":{"line":81,"column":34}},{"start":{"line":81,"column":38},"end":{"line":81,"column":40}}],"line":81},"11":{"loc":{"start":{"line":82,"column":14},"end":{"line":82,"column":39}},"type":"binary-expr","locations":[{"start":{"line":82,"column":14},"end":{"line":82,"column":32}},{"start":{"line":82,"column":36},"end":{"line":82,"column":39}}],"line":82},"12":{"loc":{"start":{"line":83,"column":16},"end":{"line":83,"column":58}},"type":"binary-expr","locations":[{"start":{"line":83,"column":16},"end":{"line":83,"column":36}},{"start":{"line":83,"column":40},"end":{"line":83,"column":58}}],"line":83},"13":{"loc":{"start":{"line":84,"column":19},"end":{"line":84,"column":36}},"type":"binary-expr","locations":[{"start":{"line":84,"column":19},"end":{"line":84,"column":30}},{"start":{"line":84,"column":34},"end":{"line":84,"column":36}}],"line":84},"14":{"loc":{"start":{"line":103,"column":4},"end":{"line":103,"column":56}},"type":"if","locations":[{"start":{"line":103,"column":4},"end":{"line":103,"column":56}},{"start":{},"end":{}}],"line":103},"15":{"loc":{"start":{"line":104,"column":4},"end":{"line":104,"column":56}},"type":"if","locations":[{"start":{"line":104,"column":4},"end":{"line":104,"column":56}},{"start":{},"end":{}}],"line":104},"16":{"loc":{"start":{"line":122,"column":2},"end":{"line":122,"column":27}},"type":"default-arg","locations":[{"start":{"line":122,"column":23},"end":{"line":122,"column":27}}],"line":122},"17":{"loc":{"start":{"line":123,"column":2},"end":{"line":123,"column":15}},"type":"default-arg","locations":[{"start":{"line":123,"column":11},"end":{"line":123,"column":15}}],"line":123},"18":{"loc":{"start":{"line":124,"column":2},"end":{"line":124,"column":18}},"type":"default-arg","locations":[{"start":{"line":124,"column":14},"end":{"line":124,"column":18}}],"line":124},"19":{"loc":{"start":{"line":127,"column":4},"end":{"line":127,"column":56}},"type":"if","locations":[{"start":{"line":127,"column":4},"end":{"line":127,"column":56}},{"start":{},"end":{}}],"line":127},"20":{"loc":{"start":{"line":128,"column":4},"end":{"line":128,"column":67}},"type":"if","locations":[{"start":{"line":128,"column":4},"end":{"line":128,"column":67}},{"start":{},"end":{}}],"line":128},"21":{"loc":{"start":{"line":140,"column":12},"end":{"line":140,"column":46}},"type":"binary-expr","locations":[{"start":{"line":140,"column":12},"end":{"line":140,"column":28}},{"start":{"line":140,"column":32},"end":{"line":140,"column":46}}],"line":140},"22":{"loc":{"start":{"line":141,"column":19},"end":{"line":141,"column":62}},"type":"binary-expr","locations":[{"start":{"line":141,"column":19},"end":{"line":141,"column":42}},{"start":{"line":141,"column":46},"end":{"line":141,"column":62}}],"line":141},"23":{"loc":{"start":{"line":142,"column":16},"end":{"line":142,"column":55}},"type":"binary-expr","locations":[{"start":{"line":142,"column":16},"end":{"line":142,"column":25}},{"start":{"line":142,"column":29},"end":{"line":142,"column":49}},{"start":{"line":142,"column":53},"end":{"line":142,"column":55}}],"line":142},"24":{"loc":{"start":{"line":143,"column":17},"end":{"line":143,"column":44}},"type":"binary-expr","locations":[{"start":{"line":143,"column":17},"end":{"line":143,"column":38}},{"start":{"line":143,"column":42},"end":{"line":143,"column":44}}],"line":143},"25":{"loc":{"start":{"line":144,"column":15},"end":{"line":144,"column":40}},"type":"binary-expr","locations":[{"start":{"line":144,"column":15},"end":{"line":144,"column":34}},{"start":{"line":144,"column":38},"end":{"line":144,"column":40}}],"line":144},"26":{"loc":{"start":{"line":145,"column":14},"end":{"line":145,"column":39}},"type":"binary-expr","locations":[{"start":{"line":145,"column":14},"end":{"line":145,"column":32}},{"start":{"line":145,"column":36},"end":{"line":145,"column":39}}],"line":145},"27":{"loc":{"start":{"line":146,"column":16},"end":{"line":146,"column":58}},"type":"binary-expr","locations":[{"start":{"line":146,"column":16},"end":{"line":146,"column":36}},{"start":{"line":146,"column":40},"end":{"line":146,"column":58}}],"line":146},"28":{"loc":{"start":{"line":147,"column":19},"end":{"line":147,"column":43}},"type":"binary-expr","locations":[{"start":{"line":147,"column":19},"end":{"line":147,"column":37}},{"start":{"line":147,"column":41},"end":{"line":147,"column":43}}],"line":147},"29":{"loc":{"start":{"line":153,"column":4},"end":{"line":176,"column":5}},"type":"if","locations":[{"start":{"line":153,"column":4},"end":{"line":176,"column":5}},{"start":{"line":158,"column":11},"end":{"line":176,"column":5}}],"line":153},"30":{"loc":{"start":{"line":168,"column":6},"end":{"line":170,"column":7}},"type":"if","locations":[{"start":{"line":168,"column":6},"end":{"line":170,"column":7}},{"start":{},"end":{}}],"line":168},"31":{"loc":{"start":{"line":168,"column":10},"end":{"line":168,"column":54}},"type":"binary-expr","locations":[{"start":{"line":168,"column":10},"end":{"line":168,"column":19}},{"start":{"line":168,"column":23},"end":{"line":168,"column":54}}],"line":168},"32":{"loc":{"start":{"line":189,"column":2},"end":{"line":189,"column":17}},"type":"default-arg","locations":[{"start":{"line":189,"column":13},"end":{"line":189,"column":17}}],"line":189},"33":{"loc":{"start":{"line":192,"column":4},"end":{"line":192,"column":56}},"type":"if","locations":[{"start":{"line":192,"column":4},"end":{"line":192,"column":56}},{"start":{},"end":{}}],"line":192},"34":{"loc":{"start":{"line":193,"column":4},"end":{"line":194,"column":58}},"type":"if","locations":[{"start":{"line":193,"column":4},"end":{"line":194,"column":58}},{"start":{},"end":{}}],"line":193},"35":{"loc":{"start":{"line":193,"column":8},"end":{"line":193,"column":49}},"type":"binary-expr","locations":[{"start":{"line":193,"column":8},"end":{"line":193,"column":22}},{"start":{"line":193,"column":26},"end":{"line":193,"column":49}}],"line":193},"36":{"loc":{"start":{"line":200,"column":4},"end":{"line":202,"column":5}},"type":"if","locations":[{"start":{"line":200,"column":4},"end":{"line":202,"column":5}},{"start":{},"end":{}}],"line":200},"37":{"loc":{"start":{"line":203,"column":4},"end":{"line":209,"column":5}},"type":"if","locations":[{"start":{"line":203,"column":4},"end":{"line":209,"column":5}},{"start":{},"end":{}}],"line":203},"38":{"loc":{"start":{"line":211,"column":4},"end":{"line":213,"column":5}},"type":"if","locations":[{"start":{"line":211,"column":4},"end":{"line":213,"column":5}},{"start":{},"end":{}}],"line":211},"39":{"loc":{"start":{"line":217,"column":14},"end":{"line":217,"column":31}},"type":"binary-expr","locations":[{"start":{"line":217,"column":14},"end":{"line":217,"column":20}},{"start":{"line":217,"column":24},"end":{"line":217,"column":31}}],"line":217},"40":{"loc":{"start":{"line":218,"column":12},"end":{"line":218,"column":67}},"type":"binary-expr","locations":[{"start":{"line":218,"column":12},"end":{"line":218,"column":20}},{"start":{"line":218,"column":24},"end":{"line":218,"column":42}},{"start":{"line":218,"column":46},"end":{"line":218,"column":67}}],"line":218},"41":{"loc":{"start":{"line":250,"column":2},"end":{"line":250,"column":17}},"type":"default-arg","locations":[{"start":{"line":250,"column":13},"end":{"line":250,"column":17}}],"line":250},"42":{"loc":{"start":{"line":254,"column":4},"end":{"line":254,"column":56}},"type":"if","locations":[{"start":{"line":254,"column":4},"end":{"line":254,"column":56}},{"start":{},"end":{}}],"line":254},"43":{"loc":{"start":{"line":255,"column":4},"end":{"line":255,"column":69}},"type":"if","locations":[{"start":{"line":255,"column":4},"end":{"line":255,"column":69}},{"start":{},"end":{}}],"line":255},"44":{"loc":{"start":{"line":266,"column":4},"end":{"line":266,"column":56}},"type":"if","locations":[{"start":{"line":266,"column":4},"end":{"line":266,"column":56}},{"start":{},"end":{}}],"line":266},"45":{"loc":{"start":{"line":267,"column":4},"end":{"line":267,"column":66}},"type":"if","locations":[{"start":{"line":267,"column":4},"end":{"line":267,"column":66}},{"start":{},"end":{}}],"line":267},"46":{"loc":{"start":{"line":274,"column":4},"end":{"line":291,"column":5}},"type":"if","locations":[{"start":{"line":274,"column":4},"end":{"line":291,"column":5}},{"start":{"line":286,"column":11},"end":{"line":291,"column":5}}],"line":274}},"s":{"0":1,"1":0,"2":0,"3":0,"4":0,"5":0,"6":1,"7":0,"8":0,"9":0,"10":0,"11":0,"12":0,"13":0,"14":0,"15":0,"16":0,"17":0,"18":0,"19":0,"20":0,"21":1,"22":0,"23":0,"24":0,"25":0,"26":0,"27":0,"28":0,"29":0,"30":0,"31":0,"32":0,"33":0,"34":1,"35":0,"36":0,"37":0,"38":0,"39":0,"40":0,"41":0,"42":0,"43":0,"44":0,"45":1,"46":0,"47":0,"48":0,"49":0,"50":0,"51":0,"52":0,"53":0,"54":0,"55":0,"56":0,"57":0,"58":0,"59":0,"60":0,"61":0,"62":0,"63":0,"64":0,"65":0,"66":0,"67":0,"68":0,"69":1,"70":6,"71":6,"72":1,"73":5,"74":2,"75":3,"76":3,"77":2,"78":2,"79":2,"80":2,"81":0,"82":0,"83":0,"84":2,"85":0,"86":2,"87":2,"88":2,"89":1,"90":0,"91":0,"92":0,"93":6,"94":6,"95":1,"96":0,"97":0,"98":0,"99":0,"100":0,"101":0,"102":0,"103":0,"104":0,"105":1,"106":0,"107":0,"108":0,"109":0,"110":0,"111":0,"112":0,"113":0,"114":0,"115":0,"116":0,"117":0,"118":0,"119":0,"120":0,"121":0,"122":0},"f":{"0":0,"1":0,"2":0,"3":0,"4":0,"5":6,"6":0,"7":0},"b":{"0":[0,0],"1":[0,0],"2":[0,0],"3":[0,0],"4":[0,0],"5":[0,0],"6":[0,0],"7":[0,0],"8":[0,0,0],"9":[0,0],"10":[0,0],"11":[0,0],"12":[0,0],"13":[0,0],"14":[0,0],"15":[0,0],"16":[0],"17":[0],"18":[0],"19":[0,0],"20":[0,0],"21":[0,0],"22":[0,0],"23":[0,0,0],"24":[0,0],"25":[0,0],"26":[0,0],"27":[0,0],"28":[0,0],"29":[0,0],"30":[0,0],"31":[0,0],"32":[0],"33":[1,5],"34":[2,3],"35":[5,4],"36":[2,0],"37":[0,2],"38":[0,2],"39":[2,0],"40":[2,0,0],"41":[0],"42":[0,0],"43":[0,0],"44":[0,0],"45":[0,0],"46":[0,0]},"_coverageSchema":"1a1c01bbd47fc00a2c39e90264f33305004495a9","hash":"d9828593c05a8068088ebe312eb3e96ec8aac946"}
,"C:\\Users\\Steve\\Dropbox\\My PC (DESKTOP-R6I1S2M)\\Documents\\Software Engineering\\WhichWay Repo\\whichway\\src\\pages\\Account.jsx": {"path":"C:\\Users\\Steve\\Dropbox\\My PC (DESKTOP-R6I1S2M)\\Documents\\Software Engineering\\WhichWay Repo\\whichway\\src\\pages\\Account.jsx","statementMap":{"0":{"start":{"line":20,"column":34},"end":{"line":20,"column":48}},"1":{"start":{"line":21,"column":34},"end":{"line":21,"column":49}},"2":{"start":{"line":22,"column":34},"end":{"line":22,"column":46}},"3":{"start":{"line":24,"column":2},"end":{"line":59,"column":13}},"4":{"start":{"line":25,"column":4},"end":{"line":58,"column":5}},"5":{"start":{"line":26,"column":26},"end":{"line":38,"column":7}},"6":{"start":{"line":40,"column":6},"end":{"line":40,"column":31}},"7":{"start":{"line":41,"column":6},"end":{"line":41,"column":31}},"8":{"start":{"line":44,"column":6},"end":{"line":57,"column":11}},"9":{"start":{"line":45,"column":23},"end":{"line":45,"column":33}},"10":{"start":{"line":47,"column":23},"end":{"line":47,"column":50}},"11":{"start":{"line":48,"column":25},"end":{"line":48,"column":55}},"12":{"start":{"line":49,"column":26},"end":{"line":49,"column":64}},"13":{"start":{"line":50,"column":34},"end":{"line":50,"column":66}},"14":{"start":{"line":52,"column":10},"end":{"line":52,"column":74}},"15":{"start":{"line":52,"column":33},"end":{"line":52,"column":71}},"16":{"start":{"line":53,"column":10},"end":{"line":53,"column":74}},"17":{"start":{"line":53,"column":33},"end":{"line":53,"column":71}},"18":{"start":{"line":56,"column":10},"end":{"line":56,"column":58}},"19":{"start":{"line":61,"column":2},"end":{"line":61,"column":46}},"20":{"start":{"line":61,"column":17},"end":{"line":61,"column":46}},"21":{"start":{"line":63,"column":28},"end":{"line":66,"column":3}},"22":{"start":{"line":64,"column":28},"end":{"line":64,"column":36}},"23":{"start":{"line":65,"column":4},"end":{"line":65,"column":56}},"24":{"start":{"line":65,"column":27},"end":{"line":65,"column":53}},"25":{"start":{"line":68,"column":21},"end":{"line":72,"column":3}},"26":{"start":{"line":69,"column":4},"end":{"line":69,"column":26}},"27":{"start":{"line":70,"column":4},"end":{"line":70,"column":23}},"28":{"start":{"line":71,"column":4},"end":{"line":71,"column":46}},"29":{"start":{"line":74,"column":17},"end":{"line":81,"column":3}},"30":{"start":{"line":75,"column":4},"end":{"line":80,"column":5}},"31":{"start":{"line":76,"column":6},"end":{"line":76,"column":26}},"32":{"start":{"line":77,"column":6},"end":{"line":77,"column":38}},"33":{"start":{"line":79,"column":6},"end":{"line":79,"column":25}},"34":{"start":{"line":83,"column":2},"end":{"line":173,"column":4}},"35":{"start":{"line":102,"column":37},"end":{"line":102,"column":54}},"36":{"start":{"line":111,"column":26},"end":{"line":111,"column":45}},"37":{"start":{"line":112,"column":26},"end":{"line":112,"column":55}}},"fnMap":{"0":{"name":"Account","decl":{"start":{"line":19,"column":9},"end":{"line":19,"column":16}},"loc":{"start":{"line":19,"column":27},"end":{"line":174,"column":1}},"line":19},"1":{"name":"(anonymous_1)","decl":{"start":{"line":24,"column":12},"end":{"line":24,"column":13}},"loc":{"start":{"line":24,"column":18},"end":{"line":59,"column":3}},"line":24},"2":{"name":"(anonymous_2)","decl":{"start":{"line":45,"column":14},"end":{"line":45,"column":15}},"loc":{"start":{"line":45,"column":23},"end":{"line":45,"column":33}},"line":45},"3":{"name":"(anonymous_3)","decl":{"start":{"line":46,"column":14},"end":{"line":46,"column":15}},"loc":{"start":{"line":46,"column":24},"end":{"line":54,"column":9}},"line":46},"4":{"name":"(anonymous_4)","decl":{"start":{"line":52,"column":22},"end":{"line":52,"column":23}},"loc":{"start":{"line":52,"column":33},"end":{"line":52,"column":71}},"line":52},"5":{"name":"(anonymous_5)","decl":{"start":{"line":53,"column":22},"end":{"line":53,"column":23}},"loc":{"start":{"line":53,"column":33},"end":{"line":53,"column":71}},"line":53},"6":{"name":"(anonymous_6)","decl":{"start":{"line":55,"column":15},"end":{"line":55,"column":16}},"loc":{"start":{"line":55,"column":26},"end":{"line":57,"column":9}},"line":55},"7":{"name":"(anonymous_7)","decl":{"start":{"line":63,"column":28},"end":{"line":63,"column":29}},"loc":{"start":{"line":63,"column":35},"end":{"line":66,"column":3}},"line":63},"8":{"name":"(anonymous_8)","decl":{"start":{"line":65,"column":16},"end":{"line":65,"column":17}},"loc":{"start":{"line":65,"column":27},"end":{"line":65,"column":53}},"line":65},"9":{"name":"(anonymous_9)","decl":{"start":{"line":68,"column":21},"end":{"line":68,"column":22}},"loc":{"start":{"line":68,"column":27},"end":{"line":72,"column":3}},"line":68},"10":{"name":"(anonymous_10)","decl":{"start":{"line":74,"column":17},"end":{"line":74,"column":18}},"loc":{"start":{"line":74,"column":29},"end":{"line":81,"column":3}},"line":74},"11":{"name":"(anonymous_11)","decl":{"start":{"line":102,"column":31},"end":{"line":102,"column":32}},"loc":{"start":{"line":102,"column":37},"end":{"line":102,"column":54}},"line":102},"12":{"name":"(anonymous_12)","decl":{"start":{"line":110,"column":33},"end":{"line":110,"column":34}},"loc":{"start":{"line":110,"column":39},"end":{"line":113,"column":25}},"line":110}},"branchMap":{"0":{"loc":{"start":{"line":25,"column":4},"end":{"line":58,"column":5}},"type":"if","locations":[{"start":{"line":25,"column":4},"end":{"line":58,"column":5}},{"start":{},"end":{}}],"line":25},"1":{"loc":{"start":{"line":27,"column":14},"end":{"line":27,"column":45}},"type":"binary-expr","locations":[{"start":{"line":27,"column":14},"end":{"line":27,"column":30}},{"start":{"line":27,"column":34},"end":{"line":27,"column":45}}],"line":27},"2":{"loc":{"start":{"line":28,"column":15},"end":{"line":28,"column":47}},"type":"binary-expr","locations":[{"start":{"line":28,"column":15},"end":{"line":28,"column":25}},{"start":{"line":28,"column":29},"end":{"line":28,"column":47}}],"line":28},"3":{"loc":{"start":{"line":47,"column":23},"end":{"line":47,"column":50}},"type":"binary-expr","locations":[{"start":{"line":47,"column":23},"end":{"line":47,"column":32}},{"start":{"line":47,"column":36},"end":{"line":47,"column":50}}],"line":47},"4":{"loc":{"start":{"line":48,"column":25},"end":{"line":48,"column":55}},"type":"binary-expr","locations":[{"start":{"line":48,"column":25},"end":{"line":48,"column":36}},{"start":{"line":48,"column":40},"end":{"line":48,"column":55}}],"line":48},"5":{"loc":{"start":{"line":49,"column":26},"end":{"line":49,"column":64}},"type":"binary-expr","locations":[{"start":{"line":49,"column":26},"end":{"line":49,"column":43}},{"start":{"line":49,"column":47},"end":{"line":49,"column":64}}],"line":49},"6":{"loc":{"start":{"line":61,"column":2},"end":{"line":61,"column":46}},"type":"if","locations":[{"start":{"line":61,"column":2},"end":{"line":61,"column":46}},{"start":{},"end":{}}],"line":61},"7":{"loc":{"start":{"line":99,"column":19},"end":{"line":121,"column":19}},"type":"cond-expr","locations":[{"start":{"line":100,"column":20},"end":{"line":105,"column":29}},{"start":{"line":107,"column":20},"end":{"line":120,"column":26}}],"line":99},"8":{"loc":{"start":{"line":125,"column":19},"end":{"line":165,"column":19}},"type":"cond-expr","locations":[{"start":{"line":126,"column":20},"end":{"line":145,"column":23}},{"start":{"line":147,"column":20},"end":{"line":164,"column":23}}],"line":125}},"s":{"0":3,"1":3,"2":3,"3":3,"4":1,"5":1,"6":1,"7":1,"8":1,"9":1,"10":1,"11":1,"12":1,"13":1,"14":1,"15":1,"16":1,"17":1,"18":0,"19":3,"20":1,"21":2,"22":0,"23":0,"24":0,"25":2,"26":0,"27":0,"28":0,"29":2,"30":0,"31":0,"32":0,"33":0,"34":2,"35":0,"36":0,"37":0},"f":{"0":3,"1":1,"2":1,"3":1,"4":1,"5":1,"6":0,"7":0,"8":0,"9":0,"10":0,"11":0,"12":0},"b":{"0":[1,0],"1":[1,0],"2":[1,0],"3":[1,0],"4":[1,0],"5":[1,0],"6":[1,2],"7":[2,0],"8":[0,2]},"_coverageSchema":"1a1c01bbd47fc00a2c39e90264f33305004495a9","hash":"b4921d9e10aba35fa736a7db77f7b40446b981f7"}
}
