{"C:\\Users\\Allan\\Desktop\\cs3398\\whichway\\src\\backend\\dataCollect.js": {"path":"C:\\Users\\Allan\\Desktop\\cs3398\\whichway\\src\\backend\\dataCollect.js","statementMap":{"0":{"start":{"line":2,"column":18},"end":{"line":7,"column":1}},"1":{"start":{"line":16,"column":2},"end":{"line":16,"column":26}},"2":{"start":{"line":17,"column":2},"end":{"line":17,"column":40}},"3":{"start":{"line":18,"column":2},"end":{"line":18,"column":34}},"4":{"start":{"line":19,"column":2},"end":{"line":19,"column":36}},"5":{"start":{"line":20,"column":2},"end":{"line":20,"column":32}},"6":{"start":{"line":25,"column":20},"end":{"line":25,"column":22}},"7":{"start":{"line":26,"column":28},"end":{"line":26,"column":30}},"8":{"start":{"line":27,"column":22},"end":{"line":27,"column":24}},"9":{"start":{"line":30,"column":2},"end":{"line":30,"column":28}},"10":{"start":{"line":31,"column":2},"end":{"line":31,"column":45}},"11":{"start":{"line":32,"column":2},"end":{"line":32,"column":33}},"12":{"start":{"line":36,"column":2},"end":{"line":40,"column":4}},"13":{"start":{"line":44,"column":18},"end":{"line":50,"column":1}},"14":{"start":{"line":59,"column":2},"end":{"line":59,"column":32}},"15":{"start":{"line":60,"column":2},"end":{"line":60,"column":42}},"16":{"start":{"line":62,"column":2},"end":{"line":62,"column":46}},"17":{"start":{"line":63,"column":2},"end":{"line":63,"column":40}},"18":{"start":{"line":67,"column":2},"end":{"line":67,"column":21}},"19":{"start":{"line":72,"column":19},"end":{"line":72,"column":23}},"20":{"start":{"line":75,"column":2},"end":{"line":75,"column":47}},"21":{"start":{"line":76,"column":2},"end":{"line":99,"column":3}},"22":{"start":{"line":77,"column":4},"end":{"line":79,"column":5}},"23":{"start":{"line":78,"column":6},"end":{"line":78,"column":52}},"24":{"start":{"line":81,"column":4},"end":{"line":86,"column":5}},"25":{"start":{"line":82,"column":6},"end":{"line":85,"column":8}},"26":{"start":{"line":88,"column":24},"end":{"line":88,"column":44}},"27":{"start":{"line":90,"column":4},"end":{"line":90,"column":43}},"28":{"start":{"line":92,"column":4},"end":{"line":92,"column":63}},"29":{"start":{"line":94,"column":4},"end":{"line":94,"column":66}},"30":{"start":{"line":95,"column":4},"end":{"line":98,"column":6}},"31":{"start":{"line":103,"column":2},"end":{"line":105,"column":3}},"32":{"start":{"line":104,"column":4},"end":{"line":104,"column":45}},"33":{"start":{"line":106,"column":2},"end":{"line":106,"column":22}}},"fnMap":{"0":{"name":"saveDetails","decl":{"start":{"line":9,"column":9},"end":{"line":9,"column":20}},"loc":{"start":{"line":15,"column":2},"end":{"line":22,"column":1}},"line":15},"1":{"name":"saveActivities","decl":{"start":{"line":29,"column":9},"end":{"line":29,"column":23}},"loc":{"start":{"line":29,"column":69},"end":{"line":33,"column":1}},"line":29},"2":{"name":"getSavedActivities","decl":{"start":{"line":35,"column":9},"end":{"line":35,"column":27}},"loc":{"start":{"line":35,"column":30},"end":{"line":41,"column":1}},"line":35},"3":{"name":"collectPreferences","decl":{"start":{"line":52,"column":9},"end":{"line":52,"column":27}},"loc":{"start":{"line":58,"column":2},"end":{"line":64,"column":1}},"line":58},"4":{"name":"getPreferences","decl":{"start":{"line":66,"column":9},"end":{"line":66,"column":23}},"loc":{"start":{"line":66,"column":26},"end":{"line":68,"column":1}},"line":66},"5":{"name":"saveItineraryData","decl":{"start":{"line":74,"column":9},"end":{"line":74,"column":26}},"loc":{"start":{"line":74,"column":42},"end":{"line":100,"column":1}},"line":74},"6":{"name":"getItineraryData","decl":{"start":{"line":102,"column":9},"end":{"line":102,"column":25}},"loc":{"start":{"line":102,"column":28},"end":{"line":107,"column":1}},"line":102}},"branchMap":{"0":{"loc":{"start":{"line":77,"column":4},"end":{"line":79,"column":5}},"type":"if","locations":[{"start":{"line":77,"column":4},"end":{"line":79,"column":5}},{"start":{},"end":{}}],"line":77},"1":{"loc":{"start":{"line":81,"column":4},"end":{"line":86,"column":5}},"type":"if","locations":[{"start":{"line":81,"column":4},"end":{"line":86,"column":5}},{"start":{},"end":{}}],"line":81},"2":{"loc":{"start":{"line":103,"column":2},"end":{"line":105,"column":3}},"type":"if","locations":[{"start":{"line":103,"column":2},"end":{"line":105,"column":3}},{"start":{},"end":{}}],"line":103}},"s":{"0":1,"1":0,"2":0,"3":0,"4":0,"5":0,"6":1,"7":1,"8":1,"9":2,"10":2,"11":2,"12":2,"13":1,"14":0,"15":0,"16":0,"17":0,"18":0,"19":1,"20":0,"21":0,"22":0,"23":0,"24":0,"25":0,"26":0,"27":0,"28":0,"29":0,"30":0,"31":0,"32":0,"33":0},"f":{"0":0,"1":2,"2":2,"3":0,"4":0,"5":0,"6":0},"b":{"0":[0,0],"1":[0,0],"2":[0,0]},"_coverageSchema":"1a1c01bbd47fc00a2c39e90264f33305004495a9","hash":"a6a59d5b03aac19a1ce1fe58a963a258a2723ee7"}
,"C:\\Users\\Allan\\Desktop\\cs3398\\whichway\\src\\backend\\openAI.js": {"path":"C:\\Users\\Allan\\Desktop\\cs3398\\whichway\\src\\backend\\openAI.js","statementMap":{"0":{"start":{"line":3,"column":22},"end":{"line":15,"column":15}},"1":{"start":{"line":17,"column":20},"end":{"line":48,"column":1}},"2":{"start":{"line":50,"column":26},"end":{"line":84,"column":1}},"3":{"start":{"line":51,"column":2},"end":{"line":51,"column":74}},"4":{"start":{"line":53,"column":2},"end":{"line":83,"column":3}},"5":{"start":{"line":55,"column":4},"end":{"line":58,"column":5}},"6":{"start":{"line":56,"column":6},"end":{"line":56,"column":61}},"7":{"start":{"line":57,"column":6},"end":{"line":57,"column":57}},"8":{"start":{"line":60,"column":21},"end":{"line":66,"column":6}},"9":{"start":{"line":69,"column":4},"end":{"line":76,"column":5}},"10":{"start":{"line":75,"column":6},"end":{"line":75,"column":75}},"11":{"start":{"line":78,"column":22},"end":{"line":78,"column":57}},"12":{"start":{"line":79,"column":4},"end":{"line":79,"column":21}},"13":{"start":{"line":81,"column":4},"end":{"line":81,"column":73}},"14":{"start":{"line":82,"column":4},"end":{"line":82,"column":16}}},"fnMap":{"0":{"name":"(anonymous_0)","decl":{"start":{"line":50,"column":26},"end":{"line":50,"column":27}},"loc":{"start":{"line":50,"column":51},"end":{"line":84,"column":1}},"line":50}},"branchMap":{"0":{"loc":{"start":{"line":55,"column":4},"end":{"line":58,"column":5}},"type":"if","locations":[{"start":{"line":55,"column":4},"end":{"line":58,"column":5}},{"start":{},"end":{}}],"line":55},"1":{"loc":{"start":{"line":69,"column":4},"end":{"line":76,"column":5}},"type":"if","locations":[{"start":{"line":69,"column":4},"end":{"line":76,"column":5}},{"start":{},"end":{}}],"line":69},"2":{"loc":{"start":{"line":70,"column":6},"end":{"line":73,"column":34}},"type":"binary-expr","locations":[{"start":{"line":70,"column":6},"end":{"line":70,"column":15}},{"start":{"line":71,"column":6},"end":{"line":71,"column":23}},{"start":{"line":72,"column":6},"end":{"line":72,"column":26}},{"start":{"line":73,"column":6},"end":{"line":73,"column":34}}],"line":70},"3":{"loc":{"start":{"line":81,"column":49},"end":{"line":81,"column":71}},"type":"binary-expr","locations":[{"start":{"line":81,"column":49},"end":{"line":81,"column":62}},{"start":{"line":81,"column":66},"end":{"line":81,"column":71}}],"line":81}},"s":{"0":1,"1":1,"2":1,"3":1,"4":1,"5":1,"6":0,"7":0,"8":1,"9":1,"10":0,"11":1,"12":1,"13":0,"14":0},"f":{"0":1},"b":{"0":[0,1],"1":[0,1],"2":[1,1,1,1],"3":[0,0]},"_coverageSchema":"1a1c01bbd47fc00a2c39e90264f33305004495a9","hash":"7de1953c0d6b8b206644f92ab8c592b33b768094"}
,"C:\\Users\\Allan\\Desktop\\cs3398\\whichway\\src\\components\\Createtrip-Components\\ActivitiesDisplay.jsx": {"path":"C:\\Users\\Allan\\Desktop\\cs3398\\whichway\\src\\components\\Createtrip-Components\\ActivitiesDisplay.jsx","statementMap":{"0":{"start":{"line":18,"column":36},"end":{"line":18,"column":51}},"1":{"start":{"line":19,"column":42},"end":{"line":19,"column":56}},"2":{"start":{"line":22,"column":23},"end":{"line":27,"column":3}},"3":{"start":{"line":23,"column":4},"end":{"line":23,"column":35}},"4":{"start":{"line":24,"column":4},"end":{"line":24,"column":29}},"5":{"start":{"line":25,"column":4},"end":{"line":25,"column":26}},"6":{"start":{"line":26,"column":4},"end":{"line":26,"column":23}},"7":{"start":{"line":29,"column":22},"end":{"line":31,"column":3}},"8":{"start":{"line":30,"column":4},"end":{"line":30,"column":24}},"9":{"start":{"line":33,"column":2},"end":{"line":266,"column":4}},"10":{"start":{"line":43,"column":14},"end":{"line":105,"column":22}},"11":{"start":{"line":47,"column":39},"end":{"line":47,"column":71}},"12":{"start":{"line":58,"column":39},"end":{"line":58,"column":71}},"13":{"start":{"line":60,"column":34},"end":{"line":60,"column":65}},"14":{"start":{"line":97,"column":33},"end":{"line":97,"column":51}},"15":{"start":{"line":117,"column":14},"end":{"line":180,"column":22}},"16":{"start":{"line":120,"column":47},"end":{"line":120,"column":70}},"17":{"start":{"line":130,"column":30},"end":{"line":130,"column":53}},"18":{"start":{"line":132,"column":34},"end":{"line":132,"column":56}},"19":{"start":{"line":169,"column":20},"end":{"line":169,"column":46}},"20":{"start":{"line":170,"column":20},"end":{"line":170,"column":38}},"21":{"start":{"line":171,"column":20},"end":{"line":171,"column":39}},"22":{"start":{"line":192,"column":14},"end":{"line":252,"column":22}},"23":{"start":{"line":195,"column":52},"end":{"line":195,"column":78}},"24":{"start":{"line":205,"column":33},"end":{"line":205,"column":59}},"25":{"start":{"line":207,"column":34},"end":{"line":207,"column":59}},"26":{"start":{"line":244,"column":33},"end":{"line":244,"column":51}},"27":{"start":{"line":269,"column":0},"end":{"line":279,"column":2}}},"fnMap":{"0":{"name":"ActivitiesDisplay","decl":{"start":{"line":7,"column":9},"end":{"line":7,"column":26}},"loc":{"start":{"line":17,"column":3},"end":{"line":267,"column":1}},"line":17},"1":{"name":"(anonymous_1)","decl":{"start":{"line":22,"column":23},"end":{"line":22,"column":24}},"loc":{"start":{"line":22,"column":33},"end":{"line":27,"column":3}},"line":22},"2":{"name":"(anonymous_2)","decl":{"start":{"line":29,"column":22},"end":{"line":29,"column":23}},"loc":{"start":{"line":29,"column":28},"end":{"line":31,"column":3}},"line":29},"3":{"name":"(anonymous_3)","decl":{"start":{"line":42,"column":38},"end":{"line":42,"column":39}},"loc":{"start":{"line":43,"column":14},"end":{"line":105,"column":22}},"line":43},"4":{"name":"(anonymous_4)","decl":{"start":{"line":47,"column":20},"end":{"line":47,"column":21}},"loc":{"start":{"line":47,"column":39},"end":{"line":47,"column":71}},"line":47},"5":{"name":"(anonymous_5)","decl":{"start":{"line":58,"column":20},"end":{"line":58,"column":21}},"loc":{"start":{"line":58,"column":39},"end":{"line":58,"column":71}},"line":58},"6":{"name":"(anonymous_6)","decl":{"start":{"line":60,"column":28},"end":{"line":60,"column":29}},"loc":{"start":{"line":60,"column":34},"end":{"line":60,"column":65}},"line":60},"7":{"name":"(anonymous_7)","decl":{"start":{"line":97,"column":27},"end":{"line":97,"column":28}},"loc":{"start":{"line":97,"column":33},"end":{"line":97,"column":51}},"line":97},"8":{"name":"(anonymous_8)","decl":{"start":{"line":116,"column":29},"end":{"line":116,"column":30}},"loc":{"start":{"line":117,"column":14},"end":{"line":180,"column":22}},"line":117},"9":{"name":"(anonymous_9)","decl":{"start":{"line":120,"column":37},"end":{"line":120,"column":38}},"loc":{"start":{"line":120,"column":47},"end":{"line":120,"column":70}},"line":120},"10":{"name":"(anonymous_10)","decl":{"start":{"line":130,"column":20},"end":{"line":130,"column":21}},"loc":{"start":{"line":130,"column":30},"end":{"line":130,"column":53}},"line":130},"11":{"name":"(anonymous_11)","decl":{"start":{"line":132,"column":28},"end":{"line":132,"column":29}},"loc":{"start":{"line":132,"column":34},"end":{"line":132,"column":56}},"line":132},"12":{"name":"(anonymous_12)","decl":{"start":{"line":168,"column":27},"end":{"line":168,"column":28}},"loc":{"start":{"line":168,"column":33},"end":{"line":172,"column":19}},"line":168},"13":{"name":"(anonymous_13)","decl":{"start":{"line":191,"column":32},"end":{"line":191,"column":33}},"loc":{"start":{"line":192,"column":14},"end":{"line":252,"column":22}},"line":192},"14":{"name":"(anonymous_14)","decl":{"start":{"line":195,"column":39},"end":{"line":195,"column":40}},"loc":{"start":{"line":195,"column":52},"end":{"line":195,"column":78}},"line":195},"15":{"name":"(anonymous_15)","decl":{"start":{"line":205,"column":20},"end":{"line":205,"column":21}},"loc":{"start":{"line":205,"column":33},"end":{"line":205,"column":59}},"line":205},"16":{"name":"(anonymous_16)","decl":{"start":{"line":207,"column":28},"end":{"line":207,"column":29}},"loc":{"start":{"line":207,"column":34},"end":{"line":207,"column":59}},"line":207},"17":{"name":"(anonymous_17)","decl":{"start":{"line":244,"column":27},"end":{"line":244,"column":28}},"loc":{"start":{"line":244,"column":33},"end":{"line":244,"column":51}},"line":244}},"branchMap":{"0":{"loc":{"start":{"line":46,"column":18},"end":{"line":50,"column":24}},"type":"cond-expr","locations":[{"start":{"line":49,"column":22},"end":{"line":49,"column":32}},{"start":{"line":50,"column":22},"end":{"line":50,"column":24}}],"line":46},"1":{"loc":{"start":{"line":70,"column":19},"end":{"line":72,"column":19}},"type":"binary-expr","locations":[{"start":{"line":70,"column":19},"end":{"line":70,"column":34}},{"start":{"line":70,"column":38},"end":{"line":70,"column":67}},{"start":{"line":71,"column":20},"end":{"line":71,"column":79}}],"line":70},"2":{"loc":{"start":{"line":74,"column":19},"end":{"line":80,"column":19}},"type":"binary-expr","locations":[{"start":{"line":74,"column":19},"end":{"line":74,"column":40}},{"start":{"line":75,"column":20},"end":{"line":79,"column":27}}],"line":74},"3":{"loc":{"start":{"line":120,"column":18},"end":{"line":122,"column":24}},"type":"cond-expr","locations":[{"start":{"line":121,"column":22},"end":{"line":121,"column":32}},{"start":{"line":122,"column":22},"end":{"line":122,"column":24}}],"line":120},"4":{"loc":{"start":{"line":142,"column":19},"end":{"line":144,"column":19}},"type":"binary-expr","locations":[{"start":{"line":142,"column":19},"end":{"line":142,"column":34}},{"start":{"line":142,"column":38},"end":{"line":142,"column":67}},{"start":{"line":143,"column":20},"end":{"line":143,"column":79}}],"line":142},"5":{"loc":{"start":{"line":146,"column":19},"end":{"line":152,"column":19}},"type":"binary-expr","locations":[{"start":{"line":146,"column":19},"end":{"line":146,"column":40}},{"start":{"line":147,"column":20},"end":{"line":151,"column":27}}],"line":146},"6":{"loc":{"start":{"line":195,"column":18},"end":{"line":197,"column":24}},"type":"cond-expr","locations":[{"start":{"line":196,"column":22},"end":{"line":196,"column":32}},{"start":{"line":197,"column":22},"end":{"line":197,"column":24}}],"line":195},"7":{"loc":{"start":{"line":217,"column":19},"end":{"line":219,"column":19}},"type":"binary-expr","locations":[{"start":{"line":217,"column":19},"end":{"line":217,"column":34}},{"start":{"line":217,"column":38},"end":{"line":217,"column":67}},{"start":{"line":218,"column":20},"end":{"line":218,"column":79}}],"line":217},"8":{"loc":{"start":{"line":221,"column":19},"end":{"line":227,"column":19}},"type":"binary-expr","locations":[{"start":{"line":221,"column":19},"end":{"line":221,"column":40}},{"start":{"line":222,"column":20},"end":{"line":226,"column":27}}],"line":221}},"s":{"0":1,"1":1,"2":1,"3":0,"4":0,"5":0,"6":0,"7":1,"8":0,"9":1,"10":1,"11":0,"12":0,"13":0,"14":0,"15":1,"16":0,"17":0,"18":0,"19":0,"20":0,"21":0,"22":0,"23":0,"24":0,"25":0,"26":0,"27":1},"f":{"0":1,"1":0,"2":0,"3":1,"4":0,"5":0,"6":0,"7":0,"8":1,"9":0,"10":0,"11":0,"12":0,"13":0,"14":0,"15":0,"16":0,"17":0},"b":{"0":[0,1],"1":[1,1,1],"2":[1,1],"3":[0,1],"4":[1,1,1],"5":[1,1],"6":[0,0],"7":[0,0,0],"8":[0,0]},"_coverageSchema":"1a1c01bbd47fc00a2c39e90264f33305004495a9","hash":"4f7936fffa60f10b97848c7be6a9eb84d97f058e"}
,"C:\\Users\\Allan\\Desktop\\cs3398\\whichway\\src\\components\\Createtrip-Components\\ActivityModal.jsx": {"path":"C:\\Users\\Allan\\Desktop\\cs3398\\whichway\\src\\components\\Createtrip-Components\\ActivityModal.jsx","statementMap":{"0":{"start":{"line":4,"column":22},"end":{"line":4,"column":56}},"1":{"start":{"line":5,"column":28},"end":{"line":5,"column":69}},"2":{"start":{"line":6,"column":26},"end":{"line":6,"column":41}},"3":{"start":{"line":7,"column":22},"end":{"line":7,"column":43}},"4":{"start":{"line":8,"column":27},"end":{"line":8,"column":53}},"5":{"start":{"line":10,"column":22},"end":{"line":100,"column":1}},"6":{"start":{"line":11,"column":2},"end":{"line":11,"column":25}},"7":{"start":{"line":11,"column":13},"end":{"line":11,"column":25}},"8":{"start":{"line":13,"column":2},"end":{"line":99,"column":4}}},"fnMap":{"0":{"name":"(anonymous_0)","decl":{"start":{"line":10,"column":22},"end":{"line":10,"column":23}},"loc":{"start":{"line":10,"column":54},"end":{"line":100,"column":1}},"line":10}},"branchMap":{"0":{"loc":{"start":{"line":11,"column":2},"end":{"line":11,"column":25}},"type":"if","locations":[{"start":{"line":11,"column":2},"end":{"line":11,"column":25}},{"start":{},"end":{}}],"line":11},"1":{"loc":{"start":{"line":22,"column":15},"end":{"line":22,"column":44}},"type":"binary-expr","locations":[{"start":{"line":22,"column":15},"end":{"line":22,"column":27}},{"start":{"line":22,"column":31},"end":{"line":22,"column":44}}],"line":22},"2":{"loc":{"start":{"line":32,"column":11},"end":{"line":32,"column":51}},"type":"binary-expr","locations":[{"start":{"line":32,"column":11},"end":{"line":32,"column":28}},{"start":{"line":32,"column":32},"end":{"line":32,"column":51}}],"line":32},"3":{"loc":{"start":{"line":38,"column":42},"end":{"line":38,"column":78}},"type":"binary-expr","locations":[{"start":{"line":38,"column":42},"end":{"line":38,"column":57}},{"start":{"line":38,"column":61},"end":{"line":38,"column":78}}],"line":38},"4":{"loc":{"start":{"line":45,"column":13},"end":{"line":45,"column":51}},"type":"binary-expr","locations":[{"start":{"line":45,"column":13},"end":{"line":45,"column":29}},{"start":{"line":45,"column":33},"end":{"line":45,"column":51}}],"line":45},"5":{"loc":{"start":{"line":50,"column":9},"end":{"line":91,"column":9}},"type":"binary-expr","locations":[{"start":{"line":50,"column":9},"end":{"line":50,"column":13}},{"start":{"line":51,"column":10},"end":{"line":90,"column":16}}],"line":50},"6":{"loc":{"start":{"line":67,"column":17},"end":{"line":73,"column":17}},"type":"cond-expr","locations":[{"start":{"line":68,"column":18},"end":{"line":70,"column":25}},{"start":{"line":72,"column":18},"end":{"line":72,"column":34}}],"line":67}},"s":{"0":2,"1":2,"2":2,"3":2,"4":2,"5":2,"6":4,"7":2,"8":2},"f":{"0":4},"b":{"0":[2,2],"1":[2,0],"2":[2,0],"3":[2,0],"4":[2,0],"5":[2,2],"6":[2,0]},"_coverageSchema":"1a1c01bbd47fc00a2c39e90264f33305004495a9","hash":"60791a34f734b06489785e3bda51dbdc2a836b48"}
,"C:\\Users\\Allan\\Desktop\\cs3398\\whichway\\src\\components\\Createtrip-Components\\PreferenceModal.jsx": {"path":"C:\\Users\\Allan\\Desktop\\cs3398\\whichway\\src\\components\\Createtrip-Components\\PreferenceModal.jsx","statementMap":{"0":{"start":{"line":9,"column":32},"end":{"line":9,"column":44}},"1":{"start":{"line":10,"column":42},"end":{"line":10,"column":54}},"2":{"start":{"line":11,"column":30},"end":{"line":11,"column":42}},"3":{"start":{"line":12,"column":46},"end":{"line":12,"column":58}},"4":{"start":{"line":13,"column":40},"end":{"line":13,"column":52}},"5":{"start":{"line":14,"column":32},"end":{"line":14,"column":47}},"6":{"start":{"line":15,"column":28},"end":{"line":15,"column":42}},"7":{"start":{"line":16,"column":32},"end":{"line":16,"column":47}},"8":{"start":{"line":19,"column":26},"end":{"line":37,"column":3}},"9":{"start":{"line":39,"column":26},"end":{"line":42,"column":3}},"10":{"start":{"line":40,"column":20},"end":{"line":40,"column":42}},"11":{"start":{"line":41,"column":4},"end":{"line":41,"column":63}},"12":{"start":{"line":44,"column":23},"end":{"line":98,"column":3}},"13":{"start":{"line":45,"column":4},"end":{"line":45,"column":23}},"14":{"start":{"line":53,"column":29},"end":{"line":62,"column":5}},"15":{"start":{"line":64,"column":4},"end":{"line":70,"column":6}},"16":{"start":{"line":72,"column":28},"end":{"line":72,"column":44}},"17":{"start":{"line":73,"column":4},"end":{"line":73,"column":59}},"18":{"start":{"line":75,"column":4},"end":{"line":95,"column":5}},"19":{"start":{"line":76,"column":6},"end":{"line":76,"column":23}},"20":{"start":{"line":77,"column":6},"end":{"line":77,"column":21}},"21":{"start":{"line":78,"column":6},"end":{"line":78,"column":24}},"22":{"start":{"line":80,"column":21},"end":{"line":86,"column":8}},"23":{"start":{"line":88,"column":6},"end":{"line":88,"column":59}},"24":{"start":{"line":89,"column":6},"end":{"line":89,"column":23}},"25":{"start":{"line":91,"column":6},"end":{"line":91,"column":54}},"26":{"start":{"line":92,"column":6},"end":{"line":92,"column":67}},"27":{"start":{"line":94,"column":6},"end":{"line":94,"column":24}},"28":{"start":{"line":97,"column":4},"end":{"line":97,"column":14}},"29":{"start":{"line":101,"column":2},"end":{"line":228,"column":4}},"30":{"start":{"line":119,"column":31},"end":{"line":119,"column":57}},"31":{"start":{"line":142,"column":31},"end":{"line":142,"column":62}},"32":{"start":{"line":170,"column":31},"end":{"line":170,"column":56}},"33":{"start":{"line":188,"column":31},"end":{"line":188,"column":64}},"34":{"start":{"line":207,"column":31},"end":{"line":207,"column":61}}},"fnMap":{"0":{"name":"PreferenceModal","decl":{"start":{"line":8,"column":9},"end":{"line":8,"column":24}},"loc":{"start":{"line":8,"column":38},"end":{"line":229,"column":1}},"line":8},"1":{"name":"(anonymous_1)","decl":{"start":{"line":39,"column":26},"end":{"line":39,"column":27}},"loc":{"start":{"line":39,"column":37},"end":{"line":42,"column":3}},"line":39},"2":{"name":"(anonymous_2)","decl":{"start":{"line":44,"column":23},"end":{"line":44,"column":24}},"loc":{"start":{"line":44,"column":36},"end":{"line":98,"column":3}},"line":44},"3":{"name":"(anonymous_3)","decl":{"start":{"line":119,"column":24},"end":{"line":119,"column":25}},"loc":{"start":{"line":119,"column":31},"end":{"line":119,"column":57}},"line":119},"4":{"name":"(anonymous_4)","decl":{"start":{"line":142,"column":24},"end":{"line":142,"column":25}},"loc":{"start":{"line":142,"column":31},"end":{"line":142,"column":62}},"line":142},"5":{"name":"(anonymous_5)","decl":{"start":{"line":170,"column":24},"end":{"line":170,"column":25}},"loc":{"start":{"line":170,"column":31},"end":{"line":170,"column":56}},"line":170},"6":{"name":"(anonymous_6)","decl":{"start":{"line":188,"column":24},"end":{"line":188,"column":25}},"loc":{"start":{"line":188,"column":31},"end":{"line":188,"column":64}},"line":188},"7":{"name":"(anonymous_7)","decl":{"start":{"line":207,"column":24},"end":{"line":207,"column":25}},"loc":{"start":{"line":207,"column":31},"end":{"line":207,"column":61}},"line":207}},"branchMap":{"0":{"loc":{"start":{"line":54,"column":15},"end":{"line":54,"column":76}},"type":"cond-expr","locations":[{"start":{"line":54,"column":40},"end":{"line":54,"column":66}},{"start":{"line":54,"column":69},"end":{"line":54,"column":76}}],"line":54},"1":{"loc":{"start":{"line":56,"column":8},"end":{"line":58,"column":24}},"type":"cond-expr","locations":[{"start":{"line":57,"column":12},"end":{"line":57,"column":43}},{"start":{"line":58,"column":12},"end":{"line":58,"column":24}}],"line":56},"2":{"loc":{"start":{"line":218,"column":13},"end":{"line":218,"column":61}},"type":"cond-expr","locations":[{"start":{"line":218,"column":23},"end":{"line":218,"column":38}},{"start":{"line":218,"column":41},"end":{"line":218,"column":61}}],"line":218},"3":{"loc":{"start":{"line":222,"column":9},"end":{"line":222,"column":57}},"type":"binary-expr","locations":[{"start":{"line":222,"column":9},"end":{"line":222,"column":14}},{"start":{"line":222,"column":18},"end":{"line":222,"column":57}}],"line":222},"4":{"loc":{"start":{"line":223,"column":9},"end":{"line":225,"column":9}},"type":"binary-expr","locations":[{"start":{"line":223,"column":9},"end":{"line":223,"column":16}},{"start":{"line":224,"column":10},"end":{"line":224,"column":79}}],"line":223}},"s":{"0":10,"1":10,"2":10,"3":10,"4":10,"5":10,"6":10,"7":10,"8":10,"9":10,"10":0,"11":0,"12":10,"13":1,"14":1,"15":1,"16":1,"17":1,"18":1,"19":1,"20":1,"21":1,"22":1,"23":1,"24":1,"25":0,"26":0,"27":1,"28":1,"29":10,"30":1,"31":1,"32":1,"33":1,"34":1},"f":{"0":10,"1":0,"2":1,"3":1,"4":1,"5":1,"6":1,"7":1},"b":{"0":[0,1],"1":[0,1],"2":[1,9],"3":[10,0],"4":[10,1]},"_coverageSchema":"1a1c01bbd47fc00a2c39e90264f33305004495a9","hash":"bcdc187a790557b6fad136941549026f660986bb"}
,"C:\\Users\\Allan\\Desktop\\cs3398\\whichway\\src\\components\\Landing-Components\\NavigationBar.jsx": {"path":"C:\\Users\\Allan\\Desktop\\cs3398\\whichway\\src\\components\\Landing-Components\\NavigationBar.jsx","statementMap":{"0":{"start":{"line":6,"column":2},"end":{"line":19,"column":4}}},"fnMap":{"0":{"name":"NavigationBar","decl":{"start":{"line":5,"column":9},"end":{"line":5,"column":22}},"loc":{"start":{"line":5,"column":25},"end":{"line":20,"column":1}},"line":5}},"branchMap":{},"s":{"0":3},"f":{"0":3},"b":{},"_coverageSchema":"1a1c01bbd47fc00a2c39e90264f33305004495a9","hash":"3bdd1bb8ba0b36bb8dc13be4af5fdbc5ef149de5"}
,"C:\\Users\\Allan\\Desktop\\cs3398\\whichway\\src\\components\\Login-Components\\InputField.jsx": {"path":"C:\\Users\\Allan\\Desktop\\cs3398\\whichway\\src\\components\\Login-Components\\InputField.jsx","statementMap":{"0":{"start":{"line":4,"column":19},"end":{"line":18,"column":1}},"1":{"start":{"line":5,"column":2},"end":{"line":17,"column":4}}},"fnMap":{"0":{"name":"(anonymous_0)","decl":{"start":{"line":4,"column":19},"end":{"line":4,"column":20}},"loc":{"start":{"line":4,"column":56},"end":{"line":18,"column":1}},"line":4}},"branchMap":{},"s":{"0":1,"1":3},"f":{"0":3},"b":{},"_coverageSchema":"1a1c01bbd47fc00a2c39e90264f33305004495a9","hash":"2468da2488893d8abc51c547ac0c1b7543ec98bd"}
,"C:\\Users\\Allan\\Desktop\\cs3398\\whichway\\src\\components\\Login-Components\\SocialLogin.jsx": {"path":"C:\\Users\\Allan\\Desktop\\cs3398\\whichway\\src\\components\\Login-Components\\SocialLogin.jsx","statementMap":{"0":{"start":{"line":5,"column":20},"end":{"line":14,"column":1}},"1":{"start":{"line":6,"column":2},"end":{"line":13,"column":4}},"2":{"start":{"line":8,"column":55},"end":{"line":8,"column":64}}},"fnMap":{"0":{"name":"(anonymous_0)","decl":{"start":{"line":5,"column":20},"end":{"line":5,"column":21}},"loc":{"start":{"line":5,"column":37},"end":{"line":14,"column":1}},"line":5},"1":{"name":"(anonymous_1)","decl":{"start":{"line":8,"column":49},"end":{"line":8,"column":50}},"loc":{"start":{"line":8,"column":55},"end":{"line":8,"column":64}},"line":8}},"branchMap":{},"s":{"0":1,"1":2,"2":1},"f":{"0":2,"1":1},"b":{},"_coverageSchema":"1a1c01bbd47fc00a2c39e90264f33305004495a9","hash":"bde9cd559220c7b66398ddd17130a281d620ac18"}
,"C:\\Users\\Allan\\Desktop\\cs3398\\whichway\\src\\pages\\Account.jsx": {"path":"C:\\Users\\Allan\\Desktop\\cs3398\\whichway\\src\\pages\\Account.jsx","statementMap":{"0":{"start":{"line":20,"column":34},"end":{"line":20,"column":48}},"1":{"start":{"line":21,"column":34},"end":{"line":21,"column":49}},"2":{"start":{"line":22,"column":34},"end":{"line":22,"column":46}},"3":{"start":{"line":24,"column":2},"end":{"line":59,"column":13}},"4":{"start":{"line":25,"column":4},"end":{"line":58,"column":5}},"5":{"start":{"line":26,"column":26},"end":{"line":38,"column":7}},"6":{"start":{"line":40,"column":6},"end":{"line":40,"column":31}},"7":{"start":{"line":41,"column":6},"end":{"line":41,"column":31}},"8":{"start":{"line":44,"column":6},"end":{"line":57,"column":11}},"9":{"start":{"line":45,"column":23},"end":{"line":45,"column":33}},"10":{"start":{"line":47,"column":23},"end":{"line":47,"column":50}},"11":{"start":{"line":48,"column":25},"end":{"line":48,"column":55}},"12":{"start":{"line":49,"column":26},"end":{"line":49,"column":64}},"13":{"start":{"line":50,"column":34},"end":{"line":50,"column":66}},"14":{"start":{"line":52,"column":10},"end":{"line":52,"column":74}},"15":{"start":{"line":52,"column":33},"end":{"line":52,"column":71}},"16":{"start":{"line":53,"column":10},"end":{"line":53,"column":74}},"17":{"start":{"line":53,"column":33},"end":{"line":53,"column":71}},"18":{"start":{"line":56,"column":10},"end":{"line":56,"column":58}},"19":{"start":{"line":61,"column":2},"end":{"line":61,"column":46}},"20":{"start":{"line":61,"column":17},"end":{"line":61,"column":46}},"21":{"start":{"line":63,"column":28},"end":{"line":66,"column":3}},"22":{"start":{"line":64,"column":28},"end":{"line":64,"column":36}},"23":{"start":{"line":65,"column":4},"end":{"line":65,"column":56}},"24":{"start":{"line":65,"column":27},"end":{"line":65,"column":53}},"25":{"start":{"line":68,"column":21},"end":{"line":72,"column":3}},"26":{"start":{"line":69,"column":4},"end":{"line":69,"column":26}},"27":{"start":{"line":70,"column":4},"end":{"line":70,"column":23}},"28":{"start":{"line":71,"column":4},"end":{"line":71,"column":46}},"29":{"start":{"line":74,"column":17},"end":{"line":81,"column":3}},"30":{"start":{"line":75,"column":4},"end":{"line":80,"column":5}},"31":{"start":{"line":76,"column":6},"end":{"line":76,"column":26}},"32":{"start":{"line":77,"column":6},"end":{"line":77,"column":38}},"33":{"start":{"line":79,"column":6},"end":{"line":79,"column":25}},"34":{"start":{"line":83,"column":2},"end":{"line":173,"column":4}},"35":{"start":{"line":102,"column":37},"end":{"line":102,"column":54}},"36":{"start":{"line":111,"column":26},"end":{"line":111,"column":45}},"37":{"start":{"line":112,"column":26},"end":{"line":112,"column":55}}},"fnMap":{"0":{"name":"Account","decl":{"start":{"line":19,"column":9},"end":{"line":19,"column":16}},"loc":{"start":{"line":19,"column":27},"end":{"line":174,"column":1}},"line":19},"1":{"name":"(anonymous_1)","decl":{"start":{"line":24,"column":12},"end":{"line":24,"column":13}},"loc":{"start":{"line":24,"column":18},"end":{"line":59,"column":3}},"line":24},"2":{"name":"(anonymous_2)","decl":{"start":{"line":45,"column":14},"end":{"line":45,"column":15}},"loc":{"start":{"line":45,"column":23},"end":{"line":45,"column":33}},"line":45},"3":{"name":"(anonymous_3)","decl":{"start":{"line":46,"column":14},"end":{"line":46,"column":15}},"loc":{"start":{"line":46,"column":24},"end":{"line":54,"column":9}},"line":46},"4":{"name":"(anonymous_4)","decl":{"start":{"line":52,"column":22},"end":{"line":52,"column":23}},"loc":{"start":{"line":52,"column":33},"end":{"line":52,"column":71}},"line":52},"5":{"name":"(anonymous_5)","decl":{"start":{"line":53,"column":22},"end":{"line":53,"column":23}},"loc":{"start":{"line":53,"column":33},"end":{"line":53,"column":71}},"line":53},"6":{"name":"(anonymous_6)","decl":{"start":{"line":55,"column":15},"end":{"line":55,"column":16}},"loc":{"start":{"line":55,"column":26},"end":{"line":57,"column":9}},"line":55},"7":{"name":"(anonymous_7)","decl":{"start":{"line":63,"column":28},"end":{"line":63,"column":29}},"loc":{"start":{"line":63,"column":35},"end":{"line":66,"column":3}},"line":63},"8":{"name":"(anonymous_8)","decl":{"start":{"line":65,"column":16},"end":{"line":65,"column":17}},"loc":{"start":{"line":65,"column":27},"end":{"line":65,"column":53}},"line":65},"9":{"name":"(anonymous_9)","decl":{"start":{"line":68,"column":21},"end":{"line":68,"column":22}},"loc":{"start":{"line":68,"column":27},"end":{"line":72,"column":3}},"line":68},"10":{"name":"(anonymous_10)","decl":{"start":{"line":74,"column":17},"end":{"line":74,"column":18}},"loc":{"start":{"line":74,"column":29},"end":{"line":81,"column":3}},"line":74},"11":{"name":"(anonymous_11)","decl":{"start":{"line":102,"column":31},"end":{"line":102,"column":32}},"loc":{"start":{"line":102,"column":37},"end":{"line":102,"column":54}},"line":102},"12":{"name":"(anonymous_12)","decl":{"start":{"line":110,"column":33},"end":{"line":110,"column":34}},"loc":{"start":{"line":110,"column":39},"end":{"line":113,"column":25}},"line":110}},"branchMap":{"0":{"loc":{"start":{"line":25,"column":4},"end":{"line":58,"column":5}},"type":"if","locations":[{"start":{"line":25,"column":4},"end":{"line":58,"column":5}},{"start":{},"end":{}}],"line":25},"1":{"loc":{"start":{"line":27,"column":14},"end":{"line":27,"column":45}},"type":"binary-expr","locations":[{"start":{"line":27,"column":14},"end":{"line":27,"column":30}},{"start":{"line":27,"column":34},"end":{"line":27,"column":45}}],"line":27},"2":{"loc":{"start":{"line":28,"column":15},"end":{"line":28,"column":47}},"type":"binary-expr","locations":[{"start":{"line":28,"column":15},"end":{"line":28,"column":25}},{"start":{"line":28,"column":29},"end":{"line":28,"column":47}}],"line":28},"3":{"loc":{"start":{"line":47,"column":23},"end":{"line":47,"column":50}},"type":"binary-expr","locations":[{"start":{"line":47,"column":23},"end":{"line":47,"column":32}},{"start":{"line":47,"column":36},"end":{"line":47,"column":50}}],"line":47},"4":{"loc":{"start":{"line":48,"column":25},"end":{"line":48,"column":55}},"type":"binary-expr","locations":[{"start":{"line":48,"column":25},"end":{"line":48,"column":36}},{"start":{"line":48,"column":40},"end":{"line":48,"column":55}}],"line":48},"5":{"loc":{"start":{"line":49,"column":26},"end":{"line":49,"column":64}},"type":"binary-expr","locations":[{"start":{"line":49,"column":26},"end":{"line":49,"column":43}},{"start":{"line":49,"column":47},"end":{"line":49,"column":64}}],"line":49},"6":{"loc":{"start":{"line":61,"column":2},"end":{"line":61,"column":46}},"type":"if","locations":[{"start":{"line":61,"column":2},"end":{"line":61,"column":46}},{"start":{},"end":{}}],"line":61},"7":{"loc":{"start":{"line":99,"column":19},"end":{"line":121,"column":19}},"type":"cond-expr","locations":[{"start":{"line":100,"column":20},"end":{"line":105,"column":29}},{"start":{"line":107,"column":20},"end":{"line":120,"column":26}}],"line":99},"8":{"loc":{"start":{"line":125,"column":19},"end":{"line":165,"column":19}},"type":"cond-expr","locations":[{"start":{"line":126,"column":20},"end":{"line":145,"column":23}},{"start":{"line":147,"column":20},"end":{"line":164,"column":23}}],"line":125}},"s":{"0":3,"1":3,"2":3,"3":3,"4":1,"5":1,"6":1,"7":1,"8":1,"9":1,"10":1,"11":1,"12":1,"13":1,"14":1,"15":1,"16":1,"17":1,"18":0,"19":3,"20":1,"21":2,"22":0,"23":0,"24":0,"25":2,"26":0,"27":0,"28":0,"29":2,"30":0,"31":0,"32":0,"33":0,"34":2,"35":0,"36":0,"37":0},"f":{"0":3,"1":1,"2":1,"3":1,"4":1,"5":1,"6":0,"7":0,"8":0,"9":0,"10":0,"11":0,"12":0},"b":{"0":[1,0],"1":[1,0],"2":[1,0],"3":[1,0],"4":[1,0],"5":[1,0],"6":[1,2],"7":[2,0],"8":[0,2]},"_coverageSchema":"1a1c01bbd47fc00a2c39e90264f33305004495a9","hash":"d4b14de3c6428f685d97fc6cadfca6ec5e14dbef"}
}
