TN:
SF:src/components/Createtrip-Components/ActivitiesDisplay.jsx
FN:7,ActivitiesDisplay
FN:22,(anonymous_1)
FN:29,(anonymous_2)
FN:42,(anonymous_3)
FN:47,(anonymous_4)
FN:58,(anonymous_5)
FN:60,(anonymous_6)
FN:97,(anonymous_7)
FN:116,(anonymous_8)
FN:120,(anonymous_9)
FN:130,(anonymous_10)
FN:132,(anonymous_11)
FN:168,(anonymous_12)
FN:191,(anonymous_13)
FN:195,(anonymous_14)
FN:205,(anonymous_15)
FN:207,(anonymous_16)
FN:244,(anonymous_17)
FNF:18
FNH:3
FNDA:1,ActivitiesDisplay
FNDA:0,(anonymous_1)
FNDA:0,(anonymous_2)
FNDA:1,(anonymous_3)
FNDA:0,(anonymous_4)
FNDA:0,(anonymous_5)
FNDA:0,(anonymous_6)
FNDA:0,(anonymous_7)
FNDA:1,(anonymous_8)
FNDA:0,(anonymous_9)
FNDA:0,(anonymous_10)
FNDA:0,(anonymous_11)
FNDA:0,(anonymous_12)
FNDA:0,(anonymous_13)
FNDA:0,(anonymous_14)
FNDA:0,(anonymous_15)
FNDA:0,(anonymous_16)
FNDA:0,(anonymous_17)
DA:18,1
DA:19,1
DA:22,1
DA:23,0
DA:24,0
DA:25,0
DA:26,0
DA:29,1
DA:30,0
DA:33,1
DA:43,1
DA:47,0
DA:58,0
DA:60,0
DA:97,0
DA:117,1
DA:120,0
DA:130,0
DA:132,0
DA:169,0
DA:170,0
DA:171,0
DA:192,0
DA:195,0
DA:205,0
DA:207,0
DA:244,0
DA:269,1
LF:28
LH:8
BRDA:46,0,0,0
BRDA:46,0,1,1
BRDA:70,1,0,1
BRDA:70,1,1,1
BRDA:70,1,2,1
BRDA:74,2,0,1
BRDA:74,2,1,1
BRDA:120,3,0,0
BRDA:120,3,1,1
BRDA:142,4,0,1
BRDA:142,4,1,1
BRDA:142,4,2,1
BRDA:146,5,0,1
BRDA:146,5,1,1
BRDA:195,6,0,0
BRDA:195,6,1,0
BRDA:217,7,0,0
BRDA:217,7,1,0
BRDA:217,7,2,0
BRDA:221,8,0,0
BRDA:221,8,1,0
BRF:21
BRH:12
end_of_record
TN:
SF:src/components/Createtrip-Components/ActivityModal.jsx
FN:10,(anonymous_0)
FNF:1
FNH:1
FNDA:4,(anonymous_0)
DA:4,2
DA:5,2
DA:6,2
DA:7,2
DA:8,2
DA:10,2
DA:11,4
DA:13,2
LF:8
LH:8
BRDA:11,0,0,2
BRDA:11,0,1,2
BRDA:22,1,0,2
BRDA:22,1,1,0
BRDA:32,2,0,2
BRDA:32,2,1,0
BRDA:38,3,0,2
BRDA:38,3,1,0
BRDA:45,4,0,2
BRDA:45,4,1,0
BRDA:50,5,0,2
BRDA:50,5,1,2
BRDA:67,6,0,2
BRDA:67,6,1,0
BRF:14
BRH:9
end_of_record
TN:
SF:src/components/Createtrip-Components/PreferenceModal.jsx
FN:8,PreferenceModal
FN:39,(anonymous_1)
FN:44,(anonymous_2)
FN:119,(anonymous_3)
FN:142,(anonymous_4)
FN:170,(anonymous_5)
FN:188,(anonymous_6)
FN:207,(anonymous_7)
FNF:8
FNH:7
FNDA:10,PreferenceModal
FNDA:0,(anonymous_1)
FNDA:1,(anonymous_2)
FNDA:1,(anonymous_3)
FNDA:1,(anonymous_4)
FNDA:1,(anonymous_5)
FNDA:1,(anonymous_6)
FNDA:1,(anonymous_7)
DA:9,10
DA:10,10
DA:11,10
DA:12,10
DA:13,10
DA:14,10
DA:15,10
DA:16,10
DA:19,10
DA:39,10
DA:40,0
DA:41,0
DA:44,10
DA:45,1
DA:53,1
DA:64,1
DA:72,1
DA:73,1
DA:75,1
DA:76,1
DA:77,1
DA:78,1
DA:80,1
DA:88,1
DA:89,1
DA:91,0
DA:92,0
DA:94,1
DA:97,1
DA:101,10
DA:119,1
DA:142,1
DA:170,1
DA:188,1
DA:207,1
LF:35
LH:31
BRDA:54,0,0,0
BRDA:54,0,1,1
BRDA:56,1,0,0
BRDA:56,1,1,1
BRDA:218,2,0,1
BRDA:218,2,1,9
BRDA:222,3,0,10
BRDA:222,3,1,0
BRDA:223,4,0,10
BRDA:223,4,1,1
BRF:10
BRH:7
end_of_record
TN:
SF:src/components/Landing-Components/NavigationBar.jsx
FN:5,NavigationBar
FNF:1
FNH:1
FNDA:3,NavigationBar
DA:6,3
LF:1
LH:1
BRF:0
BRH:0
end_of_record
TN:
SF:src/components/Login-Components/InputField.jsx
FN:4,(anonymous_0)
FNF:1
FNH:1
FNDA:3,(anonymous_0)
DA:4,1
DA:5,3
LF:2
LH:2
BRF:0
BRH:0
end_of_record
TN:
SF:src/components/Login-Components/SocialLogin.jsx
FN:5,(anonymous_0)
FN:8,(anonymous_1)
FNF:2
FNH:2
FNDA:2,(anonymous_0)
FNDA:1,(anonymous_1)
DA:5,1
DA:6,2
DA:8,1
LF:3
LH:3
BRF:0
BRH:0
end_of_record
